25.04.2013 18:44:30,515  INFO main Controller:main:138 - Method call
25.04.2013 18:44:30,526  INFO main Controller:<init>:51 - Constructor call
25.04.2013 18:44:30,526  INFO main Controller:readServerSources:63 - Method call
25.04.2013 18:44:30,606  INFO main Controller:startSavingThread:117 - Method call
25.04.2013 18:44:30,608  INFO main Controller:exitHandler:175 - Method call
25.04.2013 18:45:36,501  INFO main Controller:main:138 - Method call
25.04.2013 18:45:36,513  INFO main Controller:<init>:51 - Constructor call
25.04.2013 18:45:36,513  INFO main Controller:readServerSources:63 - Method call
25.04.2013 18:45:36,593  INFO main Controller:startSavingThread:117 - Method call
25.04.2013 18:45:36,594  INFO main Controller:exitHandler:175 - Method call
25.04.2013 18:49:47,356  INFO main Controller:main:138 - Method call
25.04.2013 18:49:47,367  INFO main Controller:<init>:51 - Constructor call
25.04.2013 18:49:47,367  INFO main Controller:readServerSources:63 - Method call
25.04.2013 18:49:47,447  INFO main Controller:startSavingThread:117 - Method call
25.04.2013 18:49:47,448  INFO main Controller:exitHandler:175 - Method call
25.04.2013 18:56:57,713  INFO Thread-109 Controller:actionPerformed:85 - Method call. Arguments: AddStudent Student [id=1902285192, firstName=Юра, lastName=Васюков, groupNumber=3, enrolled=11.11.1989]
25.04.2013 18:57:00,094  INFO Thread-217 Controller:actionPerformed:85 - Method call. Arguments: UpdateStudent Student [id=1413073239, firstName=Вася, lastName=Васичкин, groupNumber=3, enrolled=01.02.2001]
25.04.2013 18:57:01,130  INFO Thread-267 Controller:actionPerformed:85 - Method call. Arguments: UpdateStudent Student [id=755357428, firstName=Андрей, lastName=Андревич, groupNumber=3, enrolled=01.01.01]
25.04.2013 18:57:08,822  INFO Thread-317 Controller:actionPerformed:85 - Method call. Arguments: UpdateStudent Student [id=194131376, firstName=Клава, lastName=Кузминишна, groupNumber=3, enrolled=22.03.2013]
25.04.2013 18:58:25,733  INFO Thread-425 Controller:actionPerformed:85 - Method call. Arguments: UpdateStudent Student [id=1902285192, firstName=Юра, lastName=Горбачев, groupNumber=3, enrolled=11.11.1989]
25.04.2013 18:58:27,229  INFO Thread-475 Controller:actionPerformed:85 - Method call. Arguments: UpdateStudent Student [id=1413073239, firstName=Вася, lastName=Васичкин, groupNumber=3, enrolled=01.02.2001]
25.04.2013 18:59:23,332  INFO Thread-583 Controller:actionPerformed:85 - Method call. Arguments: RemoveStudent 1902285192
25.04.2013 19:00:27,497  INFO Thread-643 Controller:actionPerformed:85 - Method call. Arguments: RemoveGroup 2
25.04.2013 19:12:52,550  INFO Thread-729 Controller:actionPerformed:85 - Method call. Arguments: UpdateStudent Student [id=1413073239, firstName=Вася, lastName=Васюков, groupNumber=3, enrolled=01.02.2001]
25.04.2013 19:13:28,737  INFO Thread-773 Controller:actionPerformed:85 - Method call. Arguments: AddStudent Student [id=944532790, firstName=Петр, lastName=Петраков, groupNumber=3, enrolled=11.11.2007]
25.04.2013 19:13:30,805  INFO Thread-867 Controller:actionPerformed:85 - Method call. Arguments: UpdateStudent Student [id=952753955, firstName=Петя, lastName=Абрамович, groupNumber=3, enrolled=12.12.13]
25.04.2013 19:16:50,691  INFO Thread-973 Controller:actionPerformed:85 - Method call. Arguments: AddStudent Student [id=1656736850, firstName=Иоанн, lastName=Креститель, groupNumber=3, enrolled=01.03.1012]
25.04.2013 19:18:11,311  INFO main Controller:main:138 - Method call
25.04.2013 19:18:11,326  INFO main Controller:<init>:51 - Constructor call
25.04.2013 19:18:11,326  INFO main Controller:readServerSources:63 - Method call
25.04.2013 19:18:11,406  INFO main Controller:startSavingThread:117 - Method call
25.04.2013 19:18:11,407  INFO main Controller:exitHandler:175 - Method call
25.04.2013 19:19:05,888  INFO Thread-1 Controller:run:179 - Upload on exit
25.04.2013 19:20:10,585  INFO main Controller:main:138 - Method call
25.04.2013 19:20:10,596  INFO main Controller:<init>:51 - Constructor call
25.04.2013 19:20:10,596  INFO main Controller:readServerSources:63 - Method call
25.04.2013 19:20:10,676  INFO main Controller:startSavingThread:117 - Method call
25.04.2013 19:20:10,677  INFO main Controller:exitHandler:175 - Method call
01.05.2013 12:10:45,634  INFO main Controller:main:154 - Method call
01.05.2013 12:10:45,647  INFO main Controller:<init>:54 - Constructor call
01.05.2013 12:10:45,647  INFO main Controller:readServerSources:67 - Method call
01.05.2013 12:10:45,714  INFO main Controller:startSavingThread:133 - Method call
01.05.2013 12:10:45,715  INFO main Controller:exitHandler:191 - Method call
01.05.2013 12:26:36,141  INFO main Controller:main:154 - Method call
01.05.2013 12:26:36,155  INFO main Controller:<init>:54 - Constructor call
01.05.2013 12:26:36,155  INFO main Controller:readServerSources:67 - Method call
01.05.2013 12:26:36,232 ERROR main Controller:main:171 - Exception
edu.sumdu.group5.server.controller.ControllerException: edu.sumdu.group5.server.model.ServerException: Can not read xml-file
	at edu.sumdu.group5.server.controller.Controller.main(Controller.java:170)
Caused by: edu.sumdu.group5.server.model.ServerException: Can not read xml-file
	at edu.sumdu.group5.server.model.Server.readDocument(Server.java:209)
	at edu.sumdu.group5.server.controller.Controller.main(Controller.java:163)
Caused by: org.xml.sax.SAXParseException: Errors in xml-file. Line 16, clolumn 3. The element type "group" must be terminated by the matching end-tag "</group>".
	at edu.sumdu.group5.server.model.Server$1.fatalError(Server.java:178)
	at com.sun.org.apache.xerces.internal.util.ErrorHandlerWrapper.fatalError(Unknown Source)
	at com.sun.org.apache.xerces.internal.impl.XMLErrorReporter.reportError(Unknown Source)
	at com.sun.org.apache.xerces.internal.impl.XMLScanner.reportFatalError(Unknown Source)
	at com.sun.org.apache.xerces.internal.impl.XMLDocumentFragmentScannerImpl.scanEndElement(Unknown Source)
	at com.sun.org.apache.xerces.internal.impl.XMLDocumentFragmentScannerImpl$FragmentContentDriver.next(Unknown Source)
	at com.sun.org.apache.xerces.internal.impl.XMLDocumentScannerImpl.next(Unknown Source)
	at com.sun.org.apache.xerces.internal.impl.XMLDocumentFragmentScannerImpl.scanDocument(Unknown Source)
	at com.sun.org.apache.xerces.internal.parsers.XML11Configuration.parse(Unknown Source)
	at com.sun.org.apache.xerces.internal.parsers.XML11Configuration.parse(Unknown Source)
	at com.sun.org.apache.xerces.internal.parsers.XMLParser.parse(Unknown Source)
	at com.sun.org.apache.xerces.internal.parsers.DOMParser.parse(Unknown Source)
	at com.sun.org.apache.xerces.internal.jaxp.DocumentBuilderImpl.parse(Unknown Source)
	at javax.xml.parsers.DocumentBuilder.parse(Unknown Source)
	at edu.sumdu.group5.server.model.Server.readDocument(Server.java:198)
	... 1 more
01.05.2013 12:27:09,123  INFO main Controller:main:154 - Method call
01.05.2013 12:27:09,136  INFO main Controller:<init>:54 - Constructor call
01.05.2013 12:27:09,136  INFO main Controller:readServerSources:67 - Method call
01.05.2013 12:27:09,201  INFO main Controller:startSavingThread:133 - Method call
01.05.2013 12:27:09,202  INFO main Controller:exitHandler:191 - Method call
01.05.2013 13:02:43,461  INFO main Controller:main:154 - Method call
01.05.2013 13:02:43,474  INFO main Controller:<init>:54 - Constructor call
01.05.2013 13:02:43,474  INFO main Controller:readServerSources:67 - Method call
01.05.2013 13:02:43,536  INFO main Controller:startSavingThread:133 - Method call
01.05.2013 13:02:43,537  INFO main Controller:exitHandler:191 - Method call
01.05.2013 13:03:28,741  INFO Thread-9 Controller:actionPerformed:101 - Method call. Arguments: RemoveGroup 7
01.05.2013 13:03:40,393  INFO Thread-111 Controller:actionPerformed:101 - Method call. Arguments: RemoveStudent 944532790
01.05.2013 13:11:52,556  INFO main Controller:main:154 - Method call
01.05.2013 13:11:52,570  INFO main Controller:<init>:54 - Constructor call
01.05.2013 13:11:52,570  INFO main Controller:readServerSources:67 - Method call
01.05.2013 13:11:52,638  INFO main Controller:startSavingThread:133 - Method call
01.05.2013 13:11:52,639  INFO main Controller:exitHandler:191 - Method call
01.05.2013 13:12:05,146  INFO Thread-97 Controller:actionPerformed:101 - Method call. Arguments: RemoveStudent 944532790
01.05.2013 13:13:33,207  INFO Thread-137 Controller:actionPerformed:101 - Method call. Arguments: AddGroup Group [fakulty=Gym, number=]
01.05.2013 13:13:51,935  INFO Thread-221 Controller:actionPerformed:101 - Method call. Arguments: RemoveGroup 
01.05.2013 13:14:27,163  INFO main Controller:main:154 - Method call
01.05.2013 13:14:27,176  INFO main Controller:<init>:54 - Constructor call
01.05.2013 13:14:27,176  INFO main Controller:readServerSources:67 - Method call
01.05.2013 13:14:27,283  INFO main Controller:startSavingThread:133 - Method call
01.05.2013 13:14:27,284  INFO main Controller:exitHandler:191 - Method call
01.05.2013 13:14:39,622  INFO Thread-5 Controller:actionPerformed:101 - Method call. Arguments: AddGroup Group [fakulty=Gym, number=]
01.05.2013 13:14:47,798  INFO Thread-17 Controller:actionPerformed:101 - Method call. Arguments: RemoveGroup 
01.05.2013 13:15:18,240  INFO Thread-91 Controller:actionPerformed:101 - Method call. Arguments: RemoveGroup 7
01.05.2013 13:16:24,427  INFO Thread-263 Controller:actionPerformed:101 - Method call. Arguments: AddStudent Student [id=143733399, firstName=Джони, lastName=Депп, groupNumber=3, enrolled=11.11.1999]
01.05.2013 13:17:20,285  INFO Thread-401 Controller:actionPerformed:101 - Method call. Arguments: UpdateStudent Student [id=143733399, firstName=Джони, lastName=Депппп, groupNumber=3, enrolled=11.11.1999]
01.05.2013 13:17:21,319  INFO Thread-451 Controller:actionPerformed:101 - Method call. Arguments: UpdateStudent Student [id=1413073239, firstName=Вася, lastName=Васюков, groupNumber=3, enrolled=01.02.2001]
01.05.2013 13:17:22,311  INFO Thread-501 Controller:actionPerformed:101 - Method call. Arguments: UpdateStudent Student [id=755357428, firstName=Андрей, lastName=Андревич, groupNumber=3, enrolled=01.01.01]
01.05.2013 13:17:23,474  INFO Thread-551 Controller:actionPerformed:101 - Method call. Arguments: UpdateStudent Student [id=194131376, firstName=Клава, lastName=Кузминишна, groupNumber=3, enrolled=22.03.2013]
01.05.2013 13:18:00,508  INFO Thread-653 Controller:actionPerformed:101 - Method call. Arguments: UpdateStudent Student [id=143733399, firstName=Джони, lastName=Деппп, groupNumber=3, enrolled=11.11.1999]
01.05.2013 13:18:21,625  INFO Thread-1 Controller:run:195 - Upload on exit
01.05.2013 13:22:36,832  INFO main Controller:main:154 - Method call
01.05.2013 13:22:36,847  INFO main Controller:<init>:54 - Constructor call
01.05.2013 13:22:36,847  INFO main Controller:readServerSources:67 - Method call
01.05.2013 13:22:36,913  INFO main Controller:startSavingThread:133 - Method call
01.05.2013 13:22:36,914  INFO main Controller:exitHandler:191 - Method call
01.05.2013 13:29:19,637  INFO main Controller:main:154 - Method call
01.05.2013 13:29:19,652  INFO main Controller:<init>:54 - Constructor call
01.05.2013 13:29:19,652  INFO main Controller:readServerSources:67 - Method call
01.05.2013 13:29:19,721  INFO main Controller:startSavingThread:133 - Method call
01.05.2013 13:29:19,722  INFO main Controller:exitHandler:191 - Method call
01.05.2013 13:30:06,227  INFO Thread-97 Controller:actionPerformed:101 - Method call. Arguments: AddStudent Student [id=95370646, firstName=Петр, lastName=Первый, groupNumber=3, enrolled=11.11.1989]
01.05.2013 13:30:39,509  INFO Thread-253 Controller:actionPerformed:101 - Method call. Arguments: UpdateStudent Student [id=95370646, firstName=Петр, lastName=Второй, groupNumber=3, enrolled=11.11.1989]
01.05.2013 13:32:57,693  INFO main Controller:main:154 - Method call
01.05.2013 13:32:57,708  INFO main Controller:<init>:54 - Constructor call
01.05.2013 13:32:57,709  INFO main Controller:readServerSources:67 - Method call
01.05.2013 13:32:57,777  INFO main Controller:startSavingThread:133 - Method call
01.05.2013 13:32:57,778  INFO main Controller:exitHandler:191 - Method call
01.05.2013 13:33:21,993  INFO Thread-109 Controller:actionPerformed:101 - Method call. Arguments: UpdateStudent Student [id=95370646, firstName=Петр, lastName=Второй, groupNumber=3, enrolled=11.11.1989]
01.05.2013 13:33:23,320  INFO Thread-165 Controller:actionPerformed:101 - Method call. Arguments: UpdateStudent Student [id=1413073239, firstName=Вася, lastName=Васюков, groupNumber=3, enrolled=01.02.2001]
01.05.2013 13:40:52,352  INFO Thread-271 Controller:actionPerformed:101 - Method call. Arguments: UpdateStudent Student [id=95370646, firstName=Петр, lastName=Третий, groupNumber=3, enrolled=11.11.1989]
01.05.2013 14:41:38,588  INFO main Controller:main:154 - Method call
01.05.2013 14:41:38,626  INFO main Controller:<init>:54 - Constructor call
01.05.2013 14:41:38,626  INFO main Controller:readServerSources:67 - Method call
01.05.2013 14:41:38,699  INFO main Controller:startSavingThread:133 - Method call
01.05.2013 14:41:38,700  INFO main Controller:exitHandler:191 - Method call
01.05.2013 14:41:48,278  INFO Thread-5 Controller:actionPerformed:101 - Method call. Arguments: AddGroup Group [fakulty=sda, number=]
01.05.2013 14:48:23,015  INFO main Controller:main:154 - Method call
01.05.2013 14:48:23,031  INFO main Controller:<init>:54 - Constructor call
01.05.2013 14:48:23,031  INFO main Controller:readServerSources:67 - Method call
01.05.2013 14:48:23,102  INFO main Controller:startSavingThread:133 - Method call
01.05.2013 14:48:23,103  INFO main Controller:exitHandler:191 - Method call
01.05.2013 14:48:51,407  INFO Thread-11 Controller:actionPerformed:101 - Method call. Arguments: AddStudent Student [id=505672518, firstName=фыв, lastName=фыв, groupNumber=, enrolled=12.12.1212]
01.05.2013 14:48:52,310  INFO Thread-33 Controller:actionPerformed:101 - Method call. Arguments: UpdateStudent Student [id=505672518, firstName=фыв, lastName=фыв, groupNumber=, enrolled=12.12.1212]
01.05.2013 16:02:15,315  INFO Thread-35 Controller:actionPerformed:101 - Method call. Arguments: RemoveGroup 
01.05.2013 16:30:49,407  INFO Thread-47 Controller:actionPerformed:101 - Method call. Arguments: AddGroup Group [fakulty=фыв, number=]
01.05.2013 16:37:40,625  INFO Thread-59 Controller:actionPerformed:101 - Method call. Arguments: RemoveGroup 
01.05.2013 16:56:06,770 DEBUG main Controller:main:154 - Method call
01.05.2013 16:56:06,784 DEBUG main Controller:<init>:55 - Constructor call
01.05.2013 16:56:06,784 DEBUG main Controller:readServerSources:68 - Method call
01.05.2013 16:56:06,845 DEBUG main Controller:startSavingThread:132 - Method call
01.05.2013 16:56:06,846 DEBUG main Controller:exitHandler:192 - Method call
01.05.2013 16:57:44,988 DEBUG main Controller:main:154 - Method call
01.05.2013 16:57:45,007 DEBUG main Controller:<init>:55 - Constructor call
01.05.2013 16:57:45,012 DEBUG main Controller:readServerSources:68 - Method call
01.05.2013 16:57:45,071 DEBUG main Controller:startSavingThread:132 - Method call
01.05.2013 16:57:45,072 DEBUG main Controller:exitHandler:192 - Method call
01.05.2013 16:58:56,255 DEBUG main Controller:main:154 - Method call
01.05.2013 16:58:56,271 ERROR main Controller:main:171 - Exception
edu.sumdu.group5.server.controller.ControllerException: edu.sumdu.group5.server.model.ServerException: Specified port is not correct, using port 7070
	at edu.sumdu.group5.server.controller.Controller.main(Controller.java:170)
Caused by: edu.sumdu.group5.server.model.ServerException: Specified port is not correct, using port 7070
	at edu.sumdu.group5.server.view.ServerView.<init>(ServerView.java:57)
	at edu.sumdu.group5.server.view.ViewFactory.newInstance(ViewFactory.java:21)
	at edu.sumdu.group5.server.controller.Controller.main(Controller.java:157)
Caused by: java.lang.NumberFormatException: For input string: "??????"
	at java.lang.NumberFormatException.forInputString(Unknown Source)
	at java.lang.Integer.parseInt(Unknown Source)
	at java.lang.Integer.parseInt(Unknown Source)
	at edu.sumdu.group5.server.view.ServerView.<init>(ServerView.java:51)
	... 2 more
01.05.2013 16:59:33,962 DEBUG main Controller:main:154 - Method call
01.05.2013 16:59:33,981 DEBUG main Controller:<init>:55 - Constructor call
01.05.2013 16:59:33,985 DEBUG main Controller:readServerSources:68 - Method call
01.05.2013 16:59:34,041 DEBUG main Controller:startSavingThread:132 - Method call
01.05.2013 16:59:34,043 DEBUG main Controller:exitHandler:192 - Method call
01.05.2013 17:00:01,361 DEBUG main Controller:main:154 - Method call
01.05.2013 17:00:01,377 ERROR main Controller:main:171 - Exception
edu.sumdu.group5.server.controller.ControllerException: edu.sumdu.group5.server.model.ServerException: Specified port is not correct, using port 7070
	at edu.sumdu.group5.server.controller.Controller.main(Controller.java:170)
Caused by: edu.sumdu.group5.server.model.ServerException: Specified port is not correct, using port 7070
	at edu.sumdu.group5.server.view.ServerView.<init>(ServerView.java:57)
	at edu.sumdu.group5.server.view.ViewFactory.newInstance(ViewFactory.java:21)
	at edu.sumdu.group5.server.controller.Controller.main(Controller.java:157)
Caused by: java.lang.NumberFormatException: For input string: "??????"
	at java.lang.NumberFormatException.forInputString(Unknown Source)
	at java.lang.Integer.parseInt(Unknown Source)
	at java.lang.Integer.parseInt(Unknown Source)
	at edu.sumdu.group5.server.view.ServerView.<init>(ServerView.java:51)
	... 2 more
01.05.2013 17:00:03,723 DEBUG main Controller:main:154 - Method call
01.05.2013 17:00:03,738 ERROR main Controller:main:171 - Exception
edu.sumdu.group5.server.controller.ControllerException: edu.sumdu.group5.server.model.ServerException: Specified port is not correct, using port 7070
	at edu.sumdu.group5.server.controller.Controller.main(Controller.java:170)
Caused by: edu.sumdu.group5.server.model.ServerException: Specified port is not correct, using port 7070
	at edu.sumdu.group5.server.view.ServerView.<init>(ServerView.java:57)
	at edu.sumdu.group5.server.view.ViewFactory.newInstance(ViewFactory.java:21)
	at edu.sumdu.group5.server.controller.Controller.main(Controller.java:157)
Caused by: java.lang.NumberFormatException: For input string: "??????"
	at java.lang.NumberFormatException.forInputString(Unknown Source)
	at java.lang.Integer.parseInt(Unknown Source)
	at java.lang.Integer.parseInt(Unknown Source)
	at edu.sumdu.group5.server.view.ServerView.<init>(ServerView.java:51)
	... 2 more
01.05.2013 17:00:05,522 DEBUG main Controller:main:154 - Method call
01.05.2013 17:00:05,537 ERROR main Controller:main:171 - Exception
edu.sumdu.group5.server.controller.ControllerException: edu.sumdu.group5.server.model.ServerException: Specified port is not correct, using port 7070
	at edu.sumdu.group5.server.controller.Controller.main(Controller.java:170)
Caused by: edu.sumdu.group5.server.model.ServerException: Specified port is not correct, using port 7070
	at edu.sumdu.group5.server.view.ServerView.<init>(ServerView.java:57)
	at edu.sumdu.group5.server.view.ViewFactory.newInstance(ViewFactory.java:21)
	at edu.sumdu.group5.server.controller.Controller.main(Controller.java:157)
Caused by: java.lang.NumberFormatException: For input string: "??????"
	at java.lang.NumberFormatException.forInputString(Unknown Source)
	at java.lang.Integer.parseInt(Unknown Source)
	at java.lang.Integer.parseInt(Unknown Source)
	at edu.sumdu.group5.server.view.ServerView.<init>(ServerView.java:51)
	... 2 more
01.05.2013 17:00:14,517 DEBUG main Controller:main:154 - Method call
01.05.2013 17:00:14,537 DEBUG main Controller:<init>:55 - Constructor call
01.05.2013 17:00:14,540 DEBUG main Controller:readServerSources:68 - Method call
01.05.2013 17:00:14,601 DEBUG main Controller:startSavingThread:132 - Method call
01.05.2013 17:00:14,602 DEBUG main Controller:exitHandler:192 - Method call
01.05.2013 17:00:21,520 DEBUG main Controller:main:154 - Method call
01.05.2013 17:00:21,539 DEBUG main Controller:<init>:55 - Constructor call
01.05.2013 17:00:21,543 DEBUG main Controller:readServerSources:68 - Method call
01.05.2013 17:00:21,601 DEBUG main Controller:startSavingThread:132 - Method call
01.05.2013 17:00:21,602 DEBUG main Controller:exitHandler:192 - Method call
01.05.2013 21:17:30,445 DEBUG main Controller:main:154 - Method call
01.05.2013 21:17:30,456 DEBUG main Controller:<init>:55 - Constructor call
01.05.2013 21:17:30,456 DEBUG main Controller:readServerSources:68 - Method call
01.05.2013 21:17:30,504 DEBUG main Controller:startSavingThread:132 - Method call
01.05.2013 21:17:30,505 DEBUG main Controller:exitHandler:192 - Method call
01.05.2013 21:17:56,874 DEBUG Thread-55 Controller:actionPerformed:99 - Method call. Arguments: RemoveGroup 
01.05.2013 21:17:56,886 ERROR Thread-55 Controller:actionPerformed:121 - Exception
edu.sumdu.group5.server.controller.ControllerException: edu.sumdu.group5.server.model.ServerException: Can not remove a group
	at edu.sumdu.group5.server.controller.Controller.actionPerformed(Controller.java:120)
	at edu.sumdu.group5.server.view.ServerView.fireAction(ServerView.java:252)
	at edu.sumdu.group5.server.view.ServerView.parsing(ServerView.java:197)
	at edu.sumdu.group5.server.view.ServerView.access$200(ServerView.java:28)
	at edu.sumdu.group5.server.view.ServerView$1.run(ServerView.java:106)
	at java.lang.Thread.run(Unknown Source)
Caused by: edu.sumdu.group5.server.model.ServerException: Can not remove a group
	at edu.sumdu.group5.server.model.Server.removeGroup(Server.java:292)
	at edu.sumdu.group5.server.controller.Controller.actionPerformed(Controller.java:107)
	... 5 more
Caused by: edu.sumdu.group5.server.model.ServerException: Group with number  does not exist.
	at edu.sumdu.group5.server.model.Server.getGroup(Server.java:407)
	at edu.sumdu.group5.server.model.Server.removeGroup(Server.java:290)
	... 6 more
03.05.2013 13:03:14,593 DEBUG main Controller:main:154 - Method call
03.05.2013 13:03:14,624 DEBUG main Controller:<init>:55 - Constructor call
03.05.2013 13:03:14,624 DEBUG main Controller:readServerSources:68 - Method call
03.05.2013 13:03:14,670 DEBUG main Controller:startSavingThread:132 - Method call
03.05.2013 13:03:14,671 DEBUG main Controller:exitHandler:192 - Method call
03.05.2013 13:03:14,712 ERROR main Controller:main:181 - Exception
edu.sumdu.group5.server.controller.ControllerException: java.net.BindException: Address already in use: JVM_Bind
	at edu.sumdu.group5.server.controller.Controller.main(Controller.java:180)
Caused by: java.net.BindException: Address already in use: JVM_Bind
	at java.net.DualStackPlainSocketImpl.bind0(Native Method)
	at java.net.DualStackPlainSocketImpl.socketBind(Unknown Source)
	at java.net.AbstractPlainSocketImpl.bind(Unknown Source)
	at java.net.PlainSocketImpl.bind(Unknown Source)
	at java.net.ServerSocket.bind(Unknown Source)
	at java.net.ServerSocket.<init>(Unknown Source)
	at java.net.ServerSocket.<init>(Unknown Source)
	at edu.sumdu.group5.server.view.ServerView.starting(ServerView.java:96)
	at edu.sumdu.group5.server.controller.Controller.main(Controller.java:168)
03.05.2013 13:03:45,109 DEBUG main Controller:main:154 - Method call
03.05.2013 13:03:45,118 DEBUG main Controller:<init>:55 - Constructor call
03.05.2013 13:03:45,118 DEBUG main Controller:readServerSources:68 - Method call
03.05.2013 13:03:45,166 DEBUG main Controller:startSavingThread:132 - Method call
03.05.2013 13:03:45,167 DEBUG main Controller:exitHandler:192 - Method call
03.05.2013 13:04:40,608 DEBUG main Controller:main:154 - Method call
03.05.2013 13:04:40,617 DEBUG main Controller:<init>:55 - Constructor call
03.05.2013 13:04:40,617 DEBUG main Controller:readServerSources:68 - Method call
03.05.2013 13:04:40,665 DEBUG main Controller:startSavingThread:132 - Method call
03.05.2013 13:04:40,666 DEBUG main Controller:exitHandler:192 - Method call
03.05.2013 13:32:54,431 DEBUG main Controller:main:154 - Method call
03.05.2013 13:32:54,440 DEBUG main Controller:<init>:55 - Constructor call
03.05.2013 13:32:54,440 DEBUG main Controller:readServerSources:68 - Method call
03.05.2013 13:32:54,487 DEBUG main Controller:startSavingThread:132 - Method call
03.05.2013 13:32:54,488 DEBUG main Controller:exitHandler:192 - Method call
03.05.2013 13:33:33,762 DEBUG main Controller:main:154 - Method call
03.05.2013 13:33:33,771 DEBUG main Controller:<init>:55 - Constructor call
03.05.2013 13:33:33,771 DEBUG main Controller:readServerSources:68 - Method call
03.05.2013 13:33:33,822 DEBUG main Controller:startSavingThread:132 - Method call
03.05.2013 13:33:33,823 DEBUG main Controller:exitHandler:192 - Method call
03.05.2013 13:34:39,727 DEBUG main Controller:main:154 - Method call
03.05.2013 13:34:39,736 DEBUG main Controller:<init>:55 - Constructor call
03.05.2013 13:34:39,736 DEBUG main Controller:readServerSources:68 - Method call
03.05.2013 13:34:39,783 DEBUG main Controller:startSavingThread:132 - Method call
03.05.2013 13:34:39,785 DEBUG main Controller:exitHandler:192 - Method call
03.05.2013 13:42:29,682 DEBUG main Controller:main:154 - Method call
03.05.2013 13:42:29,694 DEBUG main Controller:<init>:55 - Constructor call
03.05.2013 13:42:29,695 DEBUG main Controller:readServerSources:68 - Method call
03.05.2013 13:42:29,741 DEBUG main Controller:startSavingThread:132 - Method call
03.05.2013 13:42:29,742 DEBUG main Controller:exitHandler:192 - Method call
03.05.2013 13:54:43,090 DEBUG main Controller:main:154 - Method call
03.05.2013 13:54:43,100 DEBUG main Controller:<init>:55 - Constructor call
03.05.2013 13:54:43,100 DEBUG main Controller:readServerSources:68 - Method call
03.05.2013 13:54:43,152 DEBUG main Controller:startSavingThread:132 - Method call
03.05.2013 13:54:43,153 DEBUG main Controller:exitHandler:192 - Method call
03.05.2013 14:05:05,993 DEBUG main Controller:main:154 - Method call
03.05.2013 14:05:06,002 DEBUG main Controller:<init>:55 - Constructor call
03.05.2013 14:05:06,002 DEBUG main Controller:readServerSources:68 - Method call
03.05.2013 14:05:06,050 DEBUG main Controller:startSavingThread:132 - Method call
03.05.2013 14:05:06,051 DEBUG main Controller:exitHandler:192 - Method call
03.05.2013 14:12:35,983 DEBUG main Controller:main:154 - Method call
03.05.2013 14:12:35,993 DEBUG main Controller:<init>:55 - Constructor call
03.05.2013 14:12:35,993 DEBUG main Controller:readServerSources:68 - Method call
03.05.2013 14:12:36,044 DEBUG main Controller:startSavingThread:132 - Method call
03.05.2013 14:12:36,044 DEBUG main Controller:exitHandler:192 - Method call
03.05.2013 14:13:57,292 DEBUG main Controller:main:154 - Method call
03.05.2013 14:13:57,301 DEBUG main Controller:<init>:55 - Constructor call
03.05.2013 14:13:57,301 DEBUG main Controller:readServerSources:68 - Method call
03.05.2013 14:13:57,350 DEBUG main Controller:startSavingThread:132 - Method call
03.05.2013 14:13:57,351 DEBUG main Controller:exitHandler:192 - Method call
03.05.2013 14:22:32,895 DEBUG main Controller:main:154 - Method call
03.05.2013 14:22:32,905 DEBUG main Controller:<init>:55 - Constructor call
03.05.2013 14:22:32,905 DEBUG main Controller:readServerSources:68 - Method call
03.05.2013 14:22:32,952 DEBUG main Controller:startSavingThread:132 - Method call
03.05.2013 14:22:32,953 DEBUG main Controller:exitHandler:192 - Method call
03.05.2013 14:25:27,842 DEBUG main Controller:main:154 - Method call
03.05.2013 14:25:27,851 DEBUG main Controller:<init>:55 - Constructor call
03.05.2013 14:25:27,851 DEBUG main Controller:readServerSources:68 - Method call
03.05.2013 14:25:27,898 DEBUG main Controller:startSavingThread:132 - Method call
03.05.2013 14:25:27,899 DEBUG main Controller:exitHandler:192 - Method call
03.05.2013 14:38:10,011 DEBUG main Controller:main:154 - Method call
03.05.2013 14:38:10,020 DEBUG main Controller:<init>:55 - Constructor call
03.05.2013 14:38:10,020 DEBUG main Controller:readServerSources:68 - Method call
03.05.2013 14:38:10,066 DEBUG main Controller:startSavingThread:132 - Method call
03.05.2013 14:38:10,068 DEBUG main Controller:exitHandler:192 - Method call
03.05.2013 14:39:36,193 DEBUG main Controller:main:154 - Method call
03.05.2013 14:39:36,202 DEBUG main Controller:<init>:55 - Constructor call
03.05.2013 14:39:36,202 DEBUG main Controller:readServerSources:68 - Method call
03.05.2013 14:39:36,251 DEBUG main Controller:startSavingThread:132 - Method call
03.05.2013 14:39:36,252 DEBUG main Controller:exitHandler:192 - Method call
03.05.2013 14:40:48,329 DEBUG main Controller:main:154 - Method call
03.05.2013 14:40:48,338 DEBUG main Controller:<init>:55 - Constructor call
03.05.2013 14:40:48,338 DEBUG main Controller:readServerSources:68 - Method call
03.05.2013 14:40:48,384 DEBUG main Controller:startSavingThread:132 - Method call
03.05.2013 14:40:48,385 DEBUG main Controller:exitHandler:192 - Method call
03.05.2013 14:41:51,271 DEBUG main Controller:main:154 - Method call
03.05.2013 14:41:51,281 DEBUG main Controller:<init>:55 - Constructor call
03.05.2013 14:41:51,281 DEBUG main Controller:readServerSources:68 - Method call
03.05.2013 14:41:51,334 DEBUG main Controller:startSavingThread:132 - Method call
03.05.2013 14:41:51,335 DEBUG main Controller:exitHandler:192 - Method call
03.05.2013 14:43:58,841 DEBUG main Controller:main:154 - Method call
03.05.2013 14:43:58,850 DEBUG main Controller:<init>:55 - Constructor call
03.05.2013 14:43:58,850 DEBUG main Controller:readServerSources:68 - Method call
03.05.2013 14:43:58,899 DEBUG main Controller:startSavingThread:132 - Method call
03.05.2013 14:43:58,900 DEBUG main Controller:exitHandler:192 - Method call
03.05.2013 14:44:30,223 DEBUG main Controller:main:154 - Method call
03.05.2013 14:44:30,232 DEBUG main Controller:<init>:55 - Constructor call
03.05.2013 14:44:30,232 DEBUG main Controller:readServerSources:68 - Method call
03.05.2013 14:44:30,282 DEBUG main Controller:startSavingThread:132 - Method call
03.05.2013 14:44:30,283 DEBUG main Controller:exitHandler:192 - Method call
03.05.2013 14:44:30,290 ERROR main Controller:main:181 - Exception
edu.sumdu.group5.server.controller.ControllerException: java.net.BindException: Address already in use: JVM_Bind
	at edu.sumdu.group5.server.controller.Controller.main(Controller.java:180)
Caused by: java.net.BindException: Address already in use: JVM_Bind
	at java.net.DualStackPlainSocketImpl.bind0(Native Method)
	at java.net.DualStackPlainSocketImpl.socketBind(Unknown Source)
	at java.net.AbstractPlainSocketImpl.bind(Unknown Source)
	at java.net.PlainSocketImpl.bind(Unknown Source)
	at java.net.ServerSocket.bind(Unknown Source)
	at java.net.ServerSocket.<init>(Unknown Source)
	at java.net.ServerSocket.<init>(Unknown Source)
	at edu.sumdu.group5.server.view.ServerView.starting(ServerView.java:97)
	at edu.sumdu.group5.server.controller.Controller.main(Controller.java:168)
03.05.2013 14:46:33,403 DEBUG main Controller:main:154 - Method call
03.05.2013 14:46:33,412 DEBUG main Controller:<init>:55 - Constructor call
03.05.2013 14:46:33,412 DEBUG main Controller:readServerSources:68 - Method call
03.05.2013 14:46:33,458 DEBUG main Controller:startSavingThread:132 - Method call
03.05.2013 14:46:33,459 DEBUG main Controller:exitHandler:192 - Method call
03.05.2013 14:48:31,940 DEBUG main Controller:main:154 - Method call
03.05.2013 14:48:31,949 DEBUG main Controller:<init>:55 - Constructor call
03.05.2013 14:48:31,949 DEBUG main Controller:readServerSources:68 - Method call
03.05.2013 14:48:31,996 DEBUG main Controller:startSavingThread:132 - Method call
03.05.2013 14:48:31,997 DEBUG main Controller:exitHandler:192 - Method call
03.05.2013 14:54:15,488 DEBUG main Controller:main:154 - Method call
03.05.2013 14:54:15,497 DEBUG main Controller:<init>:55 - Constructor call
03.05.2013 14:54:15,497 DEBUG main Controller:readServerSources:68 - Method call
03.05.2013 14:54:15,543 DEBUG main Controller:startSavingThread:132 - Method call
03.05.2013 14:54:15,544 DEBUG main Controller:exitHandler:192 - Method call
03.05.2013 14:56:08,502 DEBUG main Controller:main:154 - Method call
03.05.2013 14:56:08,511 DEBUG main Controller:<init>:55 - Constructor call
03.05.2013 14:56:08,511 DEBUG main Controller:readServerSources:68 - Method call
03.05.2013 14:56:08,559 DEBUG main Controller:startSavingThread:132 - Method call
03.05.2013 14:56:08,560 DEBUG main Controller:exitHandler:192 - Method call
03.05.2013 14:58:46,860 DEBUG main Controller:main:154 - Method call
03.05.2013 14:58:46,870 DEBUG main Controller:<init>:55 - Constructor call
03.05.2013 14:58:46,870 DEBUG main Controller:readServerSources:68 - Method call
03.05.2013 14:58:46,918 DEBUG main Controller:startSavingThread:132 - Method call
03.05.2013 14:58:46,919 DEBUG main Controller:exitHandler:192 - Method call
03.05.2013 15:02:37,897 DEBUG main Controller:main:154 - Method call
03.05.2013 15:02:37,906 DEBUG main Controller:<init>:55 - Constructor call
03.05.2013 15:02:37,906 DEBUG main Controller:readServerSources:68 - Method call
03.05.2013 15:02:37,954 DEBUG main Controller:startSavingThread:132 - Method call
03.05.2013 15:02:37,955 DEBUG main Controller:exitHandler:192 - Method call
03.05.2013 15:19:50,995 DEBUG main Controller:main:154 - Method call
03.05.2013 15:19:51,004 DEBUG main Controller:<init>:55 - Constructor call
03.05.2013 15:19:51,004 DEBUG main Controller:readServerSources:68 - Method call
03.05.2013 15:19:51,049 DEBUG main Controller:startSavingThread:132 - Method call
03.05.2013 15:19:51,050 DEBUG main Controller:exitHandler:192 - Method call
03.05.2013 15:48:32,643 DEBUG main Controller:main:154 - Method call
03.05.2013 15:48:32,655 DEBUG main Controller:<init>:55 - Constructor call
03.05.2013 15:48:32,655 DEBUG main Controller:readServerSources:68 - Method call
03.05.2013 15:48:32,701 DEBUG main Controller:startSavingThread:132 - Method call
03.05.2013 15:48:32,702 DEBUG main Controller:exitHandler:192 - Method call
03.05.2013 15:57:49,168 DEBUG main Controller:main:154 - Method call
03.05.2013 15:57:49,177 DEBUG main Controller:<init>:55 - Constructor call
03.05.2013 15:57:49,177 DEBUG main Controller:readServerSources:68 - Method call
03.05.2013 15:57:49,224 DEBUG main Controller:startSavingThread:132 - Method call
03.05.2013 15:57:49,225 DEBUG main Controller:exitHandler:192 - Method call
03.05.2013 22:19:51,539 DEBUG main Controller:main:154 - Method call
03.05.2013 22:19:51,609 DEBUG main Controller:<init>:55 - Constructor call
03.05.2013 22:19:51,609 DEBUG main Controller:readServerSources:68 - Method call
03.05.2013 22:19:51,679 DEBUG main Controller:startSavingThread:132 - Method call
03.05.2013 22:19:51,679 DEBUG main Controller:exitHandler:192 - Method call
03.05.2013 22:19:51,689 ERROR main Controller:main:181 - Exception
edu.sumdu.group5.server.controller.ControllerException: java.net.BindException: Address already in use: JVM_Bind
	at edu.sumdu.group5.server.controller.Controller.main(Controller.java:180)
Caused by: java.net.BindException: Address already in use: JVM_Bind
	at java.net.DualStackPlainSocketImpl.bind0(Native Method)
	at java.net.DualStackPlainSocketImpl.socketBind(Unknown Source)
	at java.net.AbstractPlainSocketImpl.bind(Unknown Source)
	at java.net.PlainSocketImpl.bind(Unknown Source)
	at java.net.ServerSocket.bind(Unknown Source)
	at java.net.ServerSocket.<init>(Unknown Source)
	at java.net.ServerSocket.<init>(Unknown Source)
	at edu.sumdu.group5.server.view.ServerView.starting(ServerView.java:96)
	at edu.sumdu.group5.server.controller.Controller.main(Controller.java:168)
03.05.2013 22:21:19,629 DEBUG main Controller:main:154 - Method call
03.05.2013 22:21:19,639 DEBUG main Controller:<init>:55 - Constructor call
03.05.2013 22:21:19,639 DEBUG main Controller:readServerSources:68 - Method call
03.05.2013 22:21:19,679 DEBUG main Controller:startSavingThread:132 - Method call
03.05.2013 22:21:19,679 DEBUG main Controller:exitHandler:192 - Method call
03.05.2013 22:21:19,689 ERROR main Controller:main:181 - Exception
edu.sumdu.group5.server.controller.ControllerException: java.net.BindException: Address already in use: JVM_Bind
	at edu.sumdu.group5.server.controller.Controller.main(Controller.java:180)
Caused by: java.net.BindException: Address already in use: JVM_Bind
	at java.net.DualStackPlainSocketImpl.bind0(Native Method)
	at java.net.DualStackPlainSocketImpl.socketBind(Unknown Source)
	at java.net.AbstractPlainSocketImpl.bind(Unknown Source)
	at java.net.PlainSocketImpl.bind(Unknown Source)
	at java.net.ServerSocket.bind(Unknown Source)
	at java.net.ServerSocket.<init>(Unknown Source)
	at java.net.ServerSocket.<init>(Unknown Source)
	at edu.sumdu.group5.server.view.ServerView.starting(ServerView.java:96)
	at edu.sumdu.group5.server.controller.Controller.main(Controller.java:168)
03.05.2013 22:21:26,209 DEBUG main Controller:main:154 - Method call
03.05.2013 22:21:26,219 DEBUG main Controller:<init>:55 - Constructor call
03.05.2013 22:21:26,219 DEBUG main Controller:readServerSources:68 - Method call
03.05.2013 22:21:26,269 DEBUG main Controller:startSavingThread:132 - Method call
03.05.2013 22:21:26,269 DEBUG main Controller:exitHandler:192 - Method call
03.05.2013 22:21:53,529 DEBUG main Controller:main:154 - Method call
03.05.2013 22:21:53,539 DEBUG main Controller:<init>:55 - Constructor call
03.05.2013 22:21:53,539 DEBUG main Controller:readServerSources:68 - Method call
03.05.2013 22:21:53,579 DEBUG main Controller:startSavingThread:132 - Method call
03.05.2013 22:21:53,579 DEBUG main Controller:exitHandler:192 - Method call
03.05.2013 22:21:53,589 ERROR main Controller:main:181 - Exception
edu.sumdu.group5.server.controller.ControllerException: java.net.BindException: Address already in use: JVM_Bind
	at edu.sumdu.group5.server.controller.Controller.main(Controller.java:180)
Caused by: java.net.BindException: Address already in use: JVM_Bind
	at java.net.DualStackPlainSocketImpl.bind0(Native Method)
	at java.net.DualStackPlainSocketImpl.socketBind(Unknown Source)
	at java.net.AbstractPlainSocketImpl.bind(Unknown Source)
	at java.net.PlainSocketImpl.bind(Unknown Source)
	at java.net.ServerSocket.bind(Unknown Source)
	at java.net.ServerSocket.<init>(Unknown Source)
	at java.net.ServerSocket.<init>(Unknown Source)
	at edu.sumdu.group5.server.view.ServerView.starting(ServerView.java:96)
	at edu.sumdu.group5.server.controller.Controller.main(Controller.java:168)
03.05.2013 22:21:59,899 DEBUG main Controller:main:154 - Method call
03.05.2013 22:21:59,909 DEBUG main Controller:<init>:55 - Constructor call
03.05.2013 22:21:59,909 DEBUG main Controller:readServerSources:68 - Method call
03.05.2013 22:21:59,959 DEBUG main Controller:startSavingThread:132 - Method call
03.05.2013 22:21:59,959 DEBUG main Controller:exitHandler:192 - Method call
04.05.2013 10:50:49,658 DEBUG main Controller:main:154 - Method call
04.05.2013 10:50:49,752 DEBUG main Controller:<init>:55 - Constructor call
04.05.2013 10:50:49,752 DEBUG main Controller:readServerSources:68 - Method call
04.05.2013 10:50:49,939 DEBUG main Controller:startSavingThread:132 - Method call
04.05.2013 10:50:49,939 DEBUG main Controller:exitHandler:192 - Method call
04.05.2013 10:53:49,912 DEBUG main Controller:main:154 - Method call
04.05.2013 10:53:49,922 DEBUG main Controller:<init>:55 - Constructor call
04.05.2013 10:53:49,923 DEBUG main Controller:readServerSources:68 - Method call
04.05.2013 10:53:49,970 DEBUG main Controller:startSavingThread:132 - Method call
04.05.2013 10:53:49,971 DEBUG main Controller:exitHandler:192 - Method call
04.05.2013 11:12:21,566 DEBUG main Controller:main:154 - Method call
04.05.2013 11:12:21,575 DEBUG main Controller:<init>:55 - Constructor call
04.05.2013 11:12:21,575 DEBUG main Controller:readServerSources:68 - Method call
04.05.2013 11:12:21,623 DEBUG main Controller:startSavingThread:132 - Method call
04.05.2013 11:12:21,624 DEBUG main Controller:exitHandler:192 - Method call
04.05.2013 11:14:54,795 DEBUG main Controller:main:154 - Method call
04.05.2013 11:14:54,804 DEBUG main Controller:<init>:55 - Constructor call
04.05.2013 11:14:54,804 DEBUG main Controller:readServerSources:68 - Method call
04.05.2013 11:14:54,853 DEBUG main Controller:startSavingThread:132 - Method call
04.05.2013 11:14:54,854 DEBUG main Controller:exitHandler:192 - Method call
04.05.2013 11:15:15,689 DEBUG main Controller:main:154 - Method call
04.05.2013 11:15:15,699 DEBUG main Controller:<init>:55 - Constructor call
04.05.2013 11:15:15,699 DEBUG main Controller:readServerSources:68 - Method call
04.05.2013 11:15:15,749 DEBUG main Controller:startSavingThread:132 - Method call
04.05.2013 11:15:15,750 DEBUG main Controller:exitHandler:192 - Method call
04.05.2013 11:18:44,233 DEBUG main Controller:main:154 - Method call
04.05.2013 11:18:44,241 DEBUG main Controller:<init>:55 - Constructor call
04.05.2013 11:18:44,242 DEBUG main Controller:readServerSources:68 - Method call
04.05.2013 11:18:44,286 DEBUG main Controller:startSavingThread:132 - Method call
04.05.2013 11:18:44,287 DEBUG main Controller:exitHandler:192 - Method call
04.05.2013 11:20:15,344 DEBUG main Controller:main:154 - Method call
04.05.2013 11:20:15,354 DEBUG main Controller:<init>:55 - Constructor call
04.05.2013 11:20:15,354 DEBUG main Controller:readServerSources:68 - Method call
04.05.2013 11:20:15,401 DEBUG main Controller:startSavingThread:132 - Method call
04.05.2013 11:20:15,402 DEBUG main Controller:exitHandler:192 - Method call
04.05.2013 11:26:31,557 DEBUG main Controller:main:154 - Method call
04.05.2013 11:26:31,568 DEBUG main Controller:<init>:55 - Constructor call
04.05.2013 11:26:31,568 DEBUG main Controller:readServerSources:68 - Method call
04.05.2013 11:26:31,614 DEBUG main Controller:startSavingThread:132 - Method call
04.05.2013 11:26:31,615 DEBUG main Controller:exitHandler:192 - Method call
04.05.2013 11:26:53,506 DEBUG main Controller:main:154 - Method call
04.05.2013 11:26:53,515 DEBUG main Controller:<init>:55 - Constructor call
04.05.2013 11:26:53,516 DEBUG main Controller:readServerSources:68 - Method call
04.05.2013 11:26:53,563 DEBUG main Controller:startSavingThread:132 - Method call
04.05.2013 11:26:53,564 DEBUG main Controller:exitHandler:192 - Method call
04.05.2013 11:30:18,344 DEBUG main Controller:main:154 - Method call
04.05.2013 11:30:18,356 DEBUG main Controller:<init>:55 - Constructor call
04.05.2013 11:30:18,356 DEBUG main Controller:readServerSources:68 - Method call
04.05.2013 11:30:18,402 DEBUG main Controller:startSavingThread:132 - Method call
04.05.2013 11:30:18,403 DEBUG main Controller:exitHandler:192 - Method call
04.05.2013 11:32:11,449 DEBUG main Controller:main:154 - Method call
04.05.2013 11:32:11,457 DEBUG main Controller:<init>:55 - Constructor call
04.05.2013 11:32:11,458 DEBUG main Controller:readServerSources:68 - Method call
04.05.2013 11:32:11,504 DEBUG main Controller:startSavingThread:132 - Method call
04.05.2013 11:32:11,505 DEBUG main Controller:exitHandler:192 - Method call
04.05.2013 11:34:00,736 DEBUG main Controller:main:154 - Method call
04.05.2013 11:34:00,749 DEBUG main Controller:<init>:55 - Constructor call
04.05.2013 11:34:00,749 DEBUG main Controller:readServerSources:68 - Method call
04.05.2013 11:34:00,796 DEBUG main Controller:startSavingThread:132 - Method call
04.05.2013 11:34:00,797 DEBUG main Controller:exitHandler:192 - Method call
04.05.2013 11:35:47,322 DEBUG main Controller:main:154 - Method call
04.05.2013 11:35:47,333 DEBUG main Controller:<init>:55 - Constructor call
04.05.2013 11:35:47,333 DEBUG main Controller:readServerSources:68 - Method call
04.05.2013 11:35:47,382 DEBUG main Controller:startSavingThread:132 - Method call
04.05.2013 11:35:47,383 DEBUG main Controller:exitHandler:192 - Method call
04.05.2013 11:37:48,200 DEBUG main Controller:main:154 - Method call
04.05.2013 11:37:48,208 DEBUG main Controller:<init>:55 - Constructor call
04.05.2013 11:37:48,209 DEBUG main Controller:readServerSources:68 - Method call
04.05.2013 11:37:48,254 DEBUG main Controller:startSavingThread:132 - Method call
04.05.2013 11:37:48,255 DEBUG main Controller:exitHandler:192 - Method call
04.05.2013 11:42:28,351 DEBUG main Controller:main:154 - Method call
04.05.2013 11:42:28,363 DEBUG main Controller:<init>:55 - Constructor call
04.05.2013 11:42:28,363 DEBUG main Controller:readServerSources:68 - Method call
04.05.2013 11:42:28,409 DEBUG main Controller:startSavingThread:132 - Method call
04.05.2013 11:42:28,410 DEBUG main Controller:exitHandler:192 - Method call
04.05.2013 12:53:36,460 DEBUG main Controller:main:154 - Method call
04.05.2013 12:53:36,470 DEBUG main Controller:<init>:55 - Constructor call
04.05.2013 12:53:36,470 DEBUG main Controller:readServerSources:68 - Method call
04.05.2013 12:53:36,519 DEBUG main Controller:startSavingThread:132 - Method call
04.05.2013 12:53:36,520 DEBUG main Controller:exitHandler:192 - Method call
04.05.2013 12:55:23,341 DEBUG main Controller:main:154 - Method call
04.05.2013 12:55:23,350 DEBUG main Controller:<init>:55 - Constructor call
04.05.2013 12:55:23,350 DEBUG main Controller:readServerSources:68 - Method call
04.05.2013 12:55:23,396 DEBUG main Controller:startSavingThread:132 - Method call
04.05.2013 12:55:23,397 DEBUG main Controller:exitHandler:192 - Method call
04.05.2013 12:56:25,429 DEBUG main Controller:main:154 - Method call
04.05.2013 12:56:25,439 DEBUG main Controller:<init>:55 - Constructor call
04.05.2013 12:56:25,439 DEBUG main Controller:readServerSources:68 - Method call
04.05.2013 12:56:25,486 DEBUG main Controller:startSavingThread:132 - Method call
04.05.2013 12:56:25,487 DEBUG main Controller:exitHandler:192 - Method call
04.05.2013 12:58:50,510 DEBUG main Controller:main:154 - Method call
04.05.2013 12:58:50,520 DEBUG main Controller:<init>:55 - Constructor call
04.05.2013 12:58:50,520 DEBUG main Controller:readServerSources:68 - Method call
04.05.2013 12:58:50,567 DEBUG main Controller:startSavingThread:132 - Method call
04.05.2013 12:58:50,568 DEBUG main Controller:exitHandler:192 - Method call
04.05.2013 13:01:00,517 DEBUG main Controller:main:154 - Method call
04.05.2013 13:01:00,527 DEBUG main Controller:<init>:55 - Constructor call
04.05.2013 13:01:00,527 DEBUG main Controller:readServerSources:68 - Method call
04.05.2013 13:01:00,575 DEBUG main Controller:startSavingThread:132 - Method call
04.05.2013 13:01:00,576 DEBUG main Controller:exitHandler:192 - Method call
04.05.2013 13:03:09,384 DEBUG main Controller:main:154 - Method call
04.05.2013 13:03:09,393 DEBUG main Controller:<init>:55 - Constructor call
04.05.2013 13:03:09,394 DEBUG main Controller:readServerSources:68 - Method call
04.05.2013 13:03:09,439 DEBUG main Controller:startSavingThread:132 - Method call
04.05.2013 13:03:09,440 DEBUG main Controller:exitHandler:192 - Method call
04.05.2013 13:09:28,068 DEBUG main Controller:main:154 - Method call
04.05.2013 13:09:28,077 DEBUG main Controller:<init>:55 - Constructor call
04.05.2013 13:09:28,077 DEBUG main Controller:readServerSources:68 - Method call
04.05.2013 13:09:28,126 DEBUG main Controller:startSavingThread:132 - Method call
04.05.2013 13:09:28,127 DEBUG main Controller:exitHandler:192 - Method call
04.05.2013 13:09:32,163 ERROR main Controller:main:181 - Exception
edu.sumdu.group5.server.controller.ControllerException: java.net.BindException: Address already in use: JVM_Bind
	at edu.sumdu.group5.server.controller.Controller.main(Controller.java:180)
Caused by: java.net.BindException: Address already in use: JVM_Bind
	at java.net.DualStackPlainSocketImpl.bind0(Native Method)
	at java.net.DualStackPlainSocketImpl.socketBind(Unknown Source)
	at java.net.AbstractPlainSocketImpl.bind(Unknown Source)
	at java.net.PlainSocketImpl.bind(Unknown Source)
	at java.net.ServerSocket.bind(Unknown Source)
	at java.net.ServerSocket.<init>(Unknown Source)
	at java.net.ServerSocket.<init>(Unknown Source)
	at edu.sumdu.group5.server.view.ServerView.starting(ServerView.java:99)
	at edu.sumdu.group5.server.controller.Controller.main(Controller.java:168)
04.05.2013 13:11:41,557 DEBUG main Controller:main:154 - Method call
04.05.2013 13:11:41,566 DEBUG main Controller:<init>:55 - Constructor call
04.05.2013 13:11:41,566 DEBUG main Controller:readServerSources:68 - Method call
04.05.2013 13:11:41,614 DEBUG main Controller:startSavingThread:132 - Method call
04.05.2013 13:11:41,615 DEBUG main Controller:exitHandler:192 - Method call
04.05.2013 13:12:28,546 DEBUG main Controller:main:154 - Method call
04.05.2013 13:12:28,555 DEBUG main Controller:<init>:55 - Constructor call
04.05.2013 13:12:28,555 DEBUG main Controller:readServerSources:68 - Method call
04.05.2013 13:12:28,601 DEBUG main Controller:startSavingThread:132 - Method call
04.05.2013 13:12:28,602 DEBUG main Controller:exitHandler:192 - Method call
04.05.2013 13:35:43,781 DEBUG main Controller:main:154 - Method call
04.05.2013 13:35:43,792 DEBUG main Controller:<init>:55 - Constructor call
04.05.2013 13:35:43,792 DEBUG main Controller:readServerSources:68 - Method call
04.05.2013 13:35:43,850 DEBUG main Controller:startSavingThread:132 - Method call
04.05.2013 13:35:43,851 DEBUG main Controller:exitHandler:192 - Method call
04.05.2013 13:51:17,208 DEBUG main Controller:main:154 - Method call
04.05.2013 13:51:17,217 DEBUG main Controller:<init>:55 - Constructor call
04.05.2013 13:51:17,217 DEBUG main Controller:readServerSources:68 - Method call
04.05.2013 13:51:17,264 DEBUG main Controller:startSavingThread:132 - Method call
04.05.2013 13:51:17,265 DEBUG main Controller:exitHandler:192 - Method call
04.05.2013 13:55:09,175 DEBUG main Controller:main:154 - Method call
04.05.2013 13:55:09,184 DEBUG main Controller:<init>:55 - Constructor call
04.05.2013 13:55:09,184 DEBUG main Controller:readServerSources:68 - Method call
04.05.2013 13:55:09,236 DEBUG main Controller:startSavingThread:132 - Method call
04.05.2013 13:55:09,237 DEBUG main Controller:exitHandler:192 - Method call
04.05.2013 13:56:17,174 DEBUG main Controller:main:154 - Method call
04.05.2013 13:56:17,183 DEBUG main Controller:<init>:55 - Constructor call
04.05.2013 13:56:17,183 DEBUG main Controller:readServerSources:68 - Method call
04.05.2013 13:56:17,229 DEBUG main Controller:startSavingThread:132 - Method call
04.05.2013 13:56:17,230 DEBUG main Controller:exitHandler:192 - Method call
04.05.2013 13:58:49,561 DEBUG main Controller:main:154 - Method call
04.05.2013 13:58:49,572 DEBUG main Controller:<init>:55 - Constructor call
04.05.2013 13:58:49,573 DEBUG main Controller:readServerSources:68 - Method call
04.05.2013 13:58:49,619 DEBUG main Controller:startSavingThread:132 - Method call
04.05.2013 13:58:49,620 DEBUG main Controller:exitHandler:192 - Method call
04.05.2013 14:04:06,582 DEBUG main Controller:main:154 - Method call
04.05.2013 14:04:06,591 DEBUG main Controller:<init>:55 - Constructor call
04.05.2013 14:04:06,592 DEBUG main Controller:readServerSources:68 - Method call
04.05.2013 14:04:06,638 DEBUG main Controller:startSavingThread:132 - Method call
04.05.2013 14:04:06,639 DEBUG main Controller:exitHandler:192 - Method call
04.05.2013 14:05:09,705 DEBUG main Controller:main:154 - Method call
04.05.2013 14:05:09,713 DEBUG main Controller:<init>:55 - Constructor call
04.05.2013 14:05:09,714 DEBUG main Controller:readServerSources:68 - Method call
04.05.2013 14:05:09,760 DEBUG main Controller:startSavingThread:132 - Method call
04.05.2013 14:05:09,761 DEBUG main Controller:exitHandler:192 - Method call
04.05.2013 14:11:46,389 DEBUG main Controller:main:154 - Method call
04.05.2013 14:11:46,402 DEBUG main Controller:<init>:55 - Constructor call
04.05.2013 14:11:46,402 DEBUG main Controller:readServerSources:68 - Method call
04.05.2013 14:11:46,447 DEBUG main Controller:startSavingThread:132 - Method call
04.05.2013 14:11:46,448 DEBUG main Controller:exitHandler:192 - Method call
04.05.2013 14:13:44,132 DEBUG main Controller:main:154 - Method call
04.05.2013 14:13:44,141 DEBUG main Controller:<init>:55 - Constructor call
04.05.2013 14:13:44,141 DEBUG main Controller:readServerSources:68 - Method call
04.05.2013 14:13:44,186 DEBUG main Controller:startSavingThread:132 - Method call
04.05.2013 14:13:44,187 DEBUG main Controller:exitHandler:192 - Method call
04.05.2013 14:15:52,923 DEBUG main Controller:main:154 - Method call
04.05.2013 14:15:52,933 DEBUG main Controller:<init>:55 - Constructor call
04.05.2013 14:15:52,933 DEBUG main Controller:readServerSources:68 - Method call
04.05.2013 14:15:52,983 DEBUG main Controller:startSavingThread:132 - Method call
04.05.2013 14:15:52,984 DEBUG main Controller:exitHandler:192 - Method call
04.05.2013 14:19:28,122 DEBUG main Controller:main:154 - Method call
04.05.2013 14:19:28,134 DEBUG main Controller:<init>:55 - Constructor call
04.05.2013 14:19:28,134 DEBUG main Controller:readServerSources:68 - Method call
04.05.2013 14:19:28,184 DEBUG main Controller:startSavingThread:132 - Method call
04.05.2013 14:19:28,185 DEBUG main Controller:exitHandler:192 - Method call
04.05.2013 14:20:45,212 DEBUG main Controller:main:154 - Method call
04.05.2013 14:20:45,223 DEBUG main Controller:<init>:55 - Constructor call
04.05.2013 14:20:45,223 DEBUG main Controller:readServerSources:68 - Method call
04.05.2013 14:20:45,269 DEBUG main Controller:startSavingThread:132 - Method call
04.05.2013 14:20:45,270 DEBUG main Controller:exitHandler:192 - Method call
04.05.2013 14:21:39,576 DEBUG main Controller:main:154 - Method call
04.05.2013 14:21:39,585 DEBUG main Controller:<init>:55 - Constructor call
04.05.2013 14:21:39,586 DEBUG main Controller:readServerSources:68 - Method call
04.05.2013 14:21:39,631 DEBUG main Controller:startSavingThread:132 - Method call
04.05.2013 14:21:39,632 DEBUG main Controller:exitHandler:192 - Method call
04.05.2013 14:28:27,441 DEBUG main Controller:main:154 - Method call
04.05.2013 14:28:27,450 DEBUG main Controller:<init>:55 - Constructor call
04.05.2013 14:28:27,450 DEBUG main Controller:readServerSources:68 - Method call
04.05.2013 14:28:27,496 DEBUG main Controller:startSavingThread:132 - Method call
04.05.2013 14:28:27,497 DEBUG main Controller:exitHandler:192 - Method call
04.05.2013 14:33:58,215 DEBUG main Controller:main:154 - Method call
04.05.2013 14:33:58,224 DEBUG main Controller:<init>:55 - Constructor call
04.05.2013 14:33:58,224 DEBUG main Controller:readServerSources:68 - Method call
04.05.2013 14:33:58,272 DEBUG main Controller:startSavingThread:132 - Method call
04.05.2013 14:33:58,273 DEBUG main Controller:exitHandler:192 - Method call
04.05.2013 14:38:26,064 DEBUG main Controller:main:154 - Method call
04.05.2013 14:38:26,076 DEBUG main Controller:<init>:55 - Constructor call
04.05.2013 14:38:26,076 DEBUG main Controller:readServerSources:68 - Method call
04.05.2013 14:38:26,123 DEBUG main Controller:startSavingThread:132 - Method call
04.05.2013 14:38:26,124 DEBUG main Controller:exitHandler:192 - Method call
04.05.2013 14:44:58,340 DEBUG main Controller:main:154 - Method call
04.05.2013 14:44:58,349 DEBUG main Controller:<init>:55 - Constructor call
04.05.2013 14:44:58,349 DEBUG main Controller:readServerSources:68 - Method call
04.05.2013 14:44:58,397 DEBUG main Controller:startSavingThread:132 - Method call
04.05.2013 14:44:58,398 DEBUG main Controller:exitHandler:192 - Method call
04.05.2013 14:50:48,974 DEBUG main Controller:main:154 - Method call
04.05.2013 14:50:48,983 DEBUG main Controller:<init>:55 - Constructor call
04.05.2013 14:50:48,983 DEBUG main Controller:readServerSources:68 - Method call
04.05.2013 14:50:49,029 DEBUG main Controller:startSavingThread:132 - Method call
04.05.2013 14:50:49,031 DEBUG main Controller:exitHandler:192 - Method call
04.05.2013 14:56:59,391 DEBUG main Controller:main:154 - Method call
04.05.2013 14:56:59,400 DEBUG main Controller:<init>:55 - Constructor call
04.05.2013 14:56:59,400 DEBUG main Controller:readServerSources:68 - Method call
04.05.2013 14:56:59,445 DEBUG main Controller:startSavingThread:132 - Method call
04.05.2013 14:56:59,445 DEBUG main Controller:exitHandler:192 - Method call
04.05.2013 15:28:51,958 DEBUG main Controller:main:154 - Method call
04.05.2013 15:28:51,967 DEBUG main Controller:<init>:55 - Constructor call
04.05.2013 15:28:51,967 DEBUG main Controller:readServerSources:68 - Method call
04.05.2013 15:28:52,017 DEBUG main Controller:startSavingThread:132 - Method call
04.05.2013 15:28:52,018 DEBUG main Controller:exitHandler:192 - Method call
04.05.2013 15:35:24,610 DEBUG main Controller:main:154 - Method call
04.05.2013 15:35:24,620 DEBUG main Controller:<init>:55 - Constructor call
04.05.2013 15:35:24,620 DEBUG main Controller:readServerSources:68 - Method call
04.05.2013 15:35:24,666 DEBUG main Controller:startSavingThread:132 - Method call
04.05.2013 15:35:24,667 DEBUG main Controller:exitHandler:192 - Method call
04.05.2013 15:42:38,133 DEBUG main Controller:main:154 - Method call
04.05.2013 15:42:38,320 DEBUG main Controller:<init>:55 - Constructor call
04.05.2013 15:42:38,320 DEBUG main Controller:readServerSources:68 - Method call
04.05.2013 15:42:39,584 DEBUG main Controller:startSavingThread:132 - Method call
04.05.2013 15:42:39,599 DEBUG main Controller:exitHandler:192 - Method call
04.05.2013 15:47:01,863 DEBUG main Controller:main:154 - Method call
04.05.2013 15:47:01,901 DEBUG main Controller:<init>:55 - Constructor call
04.05.2013 15:47:01,901 DEBUG main Controller:readServerSources:68 - Method call
04.05.2013 15:47:01,954 DEBUG main Controller:startSavingThread:132 - Method call
04.05.2013 15:47:01,955 DEBUG main Controller:exitHandler:192 - Method call
04.05.2013 15:49:22,905 DEBUG main Controller:main:154 - Method call
04.05.2013 15:49:22,914 DEBUG main Controller:<init>:55 - Constructor call
04.05.2013 15:49:22,914 DEBUG main Controller:readServerSources:68 - Method call
04.05.2013 15:49:22,959 DEBUG main Controller:startSavingThread:132 - Method call
04.05.2013 15:49:22,960 DEBUG main Controller:exitHandler:192 - Method call
04.05.2013 15:49:22,988 ERROR main Controller:main:181 - Exception
edu.sumdu.group5.server.controller.ControllerException: java.net.BindException: Address already in use: JVM_Bind
	at edu.sumdu.group5.server.controller.Controller.main(Controller.java:180)
Caused by: java.net.BindException: Address already in use: JVM_Bind
	at java.net.DualStackPlainSocketImpl.bind0(Native Method)
	at java.net.DualStackPlainSocketImpl.socketBind(Unknown Source)
	at java.net.AbstractPlainSocketImpl.bind(Unknown Source)
	at java.net.PlainSocketImpl.bind(Unknown Source)
	at java.net.ServerSocket.bind(Unknown Source)
	at java.net.ServerSocket.<init>(Unknown Source)
	at java.net.ServerSocket.<init>(Unknown Source)
	at edu.sumdu.group5.server.view.ServerView.starting(ServerView.java:97)
	at edu.sumdu.group5.server.controller.Controller.main(Controller.java:168)
04.05.2013 15:58:19,019 DEBUG main Controller:main:154 - Method call
04.05.2013 15:58:19,028 DEBUG main Controller:<init>:55 - Constructor call
04.05.2013 15:58:19,028 DEBUG main Controller:readServerSources:68 - Method call
04.05.2013 15:58:19,073 DEBUG main Controller:startSavingThread:132 - Method call
04.05.2013 15:58:19,074 DEBUG main Controller:exitHandler:192 - Method call
04.05.2013 16:00:47,941 DEBUG main Controller:main:154 - Method call
04.05.2013 16:00:47,950 DEBUG main Controller:<init>:55 - Constructor call
04.05.2013 16:00:47,950 DEBUG main Controller:readServerSources:68 - Method call
04.05.2013 16:00:47,996 DEBUG main Controller:startSavingThread:132 - Method call
04.05.2013 16:00:47,997 DEBUG main Controller:exitHandler:192 - Method call
04.05.2013 16:19:33,011 DEBUG main Controller:main:154 - Method call
04.05.2013 16:19:33,020 DEBUG main Controller:<init>:55 - Constructor call
04.05.2013 16:19:33,020 DEBUG main Controller:readServerSources:68 - Method call
04.05.2013 16:19:33,071 DEBUG main Controller:startSavingThread:132 - Method call
04.05.2013 16:19:33,073 DEBUG main Controller:exitHandler:192 - Method call
04.05.2013 16:22:37,830 DEBUG main Controller:main:154 - Method call
04.05.2013 16:22:37,842 DEBUG main Controller:<init>:55 - Constructor call
04.05.2013 16:22:37,842 DEBUG main Controller:readServerSources:68 - Method call
04.05.2013 16:22:37,889 DEBUG main Controller:startSavingThread:132 - Method call
04.05.2013 16:22:37,890 DEBUG main Controller:exitHandler:192 - Method call
04.05.2013 16:24:25,746 DEBUG main Controller:main:154 - Method call
04.05.2013 16:24:25,755 DEBUG main Controller:<init>:55 - Constructor call
04.05.2013 16:24:25,755 DEBUG main Controller:readServerSources:68 - Method call
04.05.2013 16:24:25,805 DEBUG main Controller:startSavingThread:132 - Method call
04.05.2013 16:24:25,806 DEBUG main Controller:exitHandler:192 - Method call
04.05.2013 16:25:52,763 DEBUG main Controller:main:154 - Method call
04.05.2013 16:25:52,772 DEBUG main Controller:<init>:55 - Constructor call
04.05.2013 16:25:52,772 DEBUG main Controller:readServerSources:68 - Method call
04.05.2013 16:25:52,820 DEBUG main Controller:startSavingThread:132 - Method call
04.05.2013 16:25:52,822 DEBUG main Controller:exitHandler:192 - Method call
04.05.2013 16:27:21,367 DEBUG main Controller:main:154 - Method call
04.05.2013 16:27:21,376 DEBUG main Controller:<init>:55 - Constructor call
04.05.2013 16:27:21,376 DEBUG main Controller:readServerSources:68 - Method call
04.05.2013 16:27:21,425 DEBUG main Controller:startSavingThread:132 - Method call
04.05.2013 16:27:21,426 DEBUG main Controller:exitHandler:192 - Method call
04.05.2013 16:30:42,935 DEBUG main Controller:main:154 - Method call
04.05.2013 16:30:42,944 DEBUG main Controller:<init>:55 - Constructor call
04.05.2013 16:30:42,945 DEBUG main Controller:readServerSources:68 - Method call
04.05.2013 16:30:42,990 DEBUG main Controller:startSavingThread:132 - Method call
04.05.2013 16:30:42,991 DEBUG main Controller:exitHandler:192 - Method call
04.05.2013 16:33:25,409 DEBUG main Controller:main:154 - Method call
04.05.2013 16:33:25,418 DEBUG main Controller:<init>:55 - Constructor call
04.05.2013 16:33:25,418 DEBUG main Controller:readServerSources:68 - Method call
04.05.2013 16:33:25,464 DEBUG main Controller:startSavingThread:132 - Method call
04.05.2013 16:33:25,465 DEBUG main Controller:exitHandler:192 - Method call
04.05.2013 16:35:03,463 DEBUG main Controller:main:154 - Method call
04.05.2013 16:35:03,474 DEBUG main Controller:<init>:55 - Constructor call
04.05.2013 16:35:03,474 DEBUG main Controller:readServerSources:68 - Method call
04.05.2013 16:35:03,521 DEBUG main Controller:startSavingThread:132 - Method call
04.05.2013 16:35:03,522 DEBUG main Controller:exitHandler:192 - Method call
04.05.2013 16:35:26,801 DEBUG main Controller:main:154 - Method call
04.05.2013 16:35:26,811 DEBUG main Controller:<init>:55 - Constructor call
04.05.2013 16:35:26,811 DEBUG main Controller:readServerSources:68 - Method call
04.05.2013 16:35:26,857 DEBUG main Controller:startSavingThread:132 - Method call
04.05.2013 16:35:26,858 DEBUG main Controller:exitHandler:192 - Method call
04.05.2013 16:36:23,563 DEBUG main Controller:main:154 - Method call
04.05.2013 16:36:23,572 DEBUG main Controller:<init>:55 - Constructor call
04.05.2013 16:36:23,572 DEBUG main Controller:readServerSources:68 - Method call
04.05.2013 16:36:23,619 DEBUG main Controller:startSavingThread:132 - Method call
04.05.2013 16:36:23,620 DEBUG main Controller:exitHandler:192 - Method call
04.05.2013 16:36:26,659 DEBUG main Controller:main:154 - Method call
04.05.2013 16:36:26,671 DEBUG main Controller:<init>:55 - Constructor call
04.05.2013 16:36:26,671 DEBUG main Controller:readServerSources:68 - Method call
04.05.2013 16:36:26,718 DEBUG main Controller:startSavingThread:132 - Method call
04.05.2013 16:36:26,719 DEBUG main Controller:exitHandler:192 - Method call
04.05.2013 16:37:58,177 DEBUG main Controller:main:154 - Method call
04.05.2013 16:37:58,186 DEBUG main Controller:<init>:55 - Constructor call
04.05.2013 16:37:58,186 DEBUG main Controller:readServerSources:68 - Method call
04.05.2013 16:37:58,232 DEBUG main Controller:startSavingThread:132 - Method call
04.05.2013 16:37:58,233 DEBUG main Controller:exitHandler:192 - Method call
04.05.2013 16:38:51,795 DEBUG main Controller:main:154 - Method call
04.05.2013 16:38:51,805 DEBUG main Controller:<init>:55 - Constructor call
04.05.2013 16:38:51,805 DEBUG main Controller:readServerSources:68 - Method call
04.05.2013 16:38:51,854 DEBUG main Controller:startSavingThread:132 - Method call
04.05.2013 16:38:51,855 DEBUG main Controller:exitHandler:192 - Method call
04.05.2013 16:39:43,453 DEBUG main Controller:main:154 - Method call
04.05.2013 16:39:43,464 DEBUG main Controller:<init>:55 - Constructor call
04.05.2013 16:39:43,465 DEBUG main Controller:readServerSources:68 - Method call
04.05.2013 16:39:43,516 DEBUG main Controller:startSavingThread:132 - Method call
04.05.2013 16:39:43,517 DEBUG main Controller:exitHandler:192 - Method call
04.05.2013 16:42:58,071 DEBUG main Controller:main:154 - Method call
04.05.2013 16:42:58,080 DEBUG main Controller:<init>:55 - Constructor call
04.05.2013 16:42:58,080 DEBUG main Controller:readServerSources:68 - Method call
04.05.2013 16:42:58,126 DEBUG main Controller:startSavingThread:132 - Method call
04.05.2013 16:42:58,127 DEBUG main Controller:exitHandler:192 - Method call
04.05.2013 16:48:46,531 DEBUG main Controller:main:154 - Method call
04.05.2013 16:48:46,541 DEBUG main Controller:<init>:55 - Constructor call
04.05.2013 16:48:46,541 DEBUG main Controller:readServerSources:68 - Method call
04.05.2013 16:48:46,588 DEBUG main Controller:startSavingThread:132 - Method call
04.05.2013 16:48:46,589 DEBUG main Controller:exitHandler:192 - Method call
04.05.2013 16:51:01,572 DEBUG main Controller:main:154 - Method call
04.05.2013 16:51:01,581 DEBUG main Controller:<init>:55 - Constructor call
04.05.2013 16:51:01,581 DEBUG main Controller:readServerSources:68 - Method call
04.05.2013 16:51:01,627 DEBUG main Controller:startSavingThread:132 - Method call
04.05.2013 16:51:01,628 DEBUG main Controller:exitHandler:192 - Method call
04.05.2013 16:52:00,560 DEBUG main Controller:main:154 - Method call
04.05.2013 16:52:00,572 DEBUG main Controller:<init>:55 - Constructor call
04.05.2013 16:52:00,572 DEBUG main Controller:readServerSources:68 - Method call
04.05.2013 16:52:00,617 DEBUG main Controller:startSavingThread:132 - Method call
04.05.2013 16:52:00,618 DEBUG main Controller:exitHandler:192 - Method call
04.05.2013 16:53:50,000 DEBUG main Controller:main:154 - Method call
04.05.2013 16:53:50,009 DEBUG main Controller:<init>:55 - Constructor call
04.05.2013 16:53:50,009 DEBUG main Controller:readServerSources:68 - Method call
04.05.2013 16:53:50,054 DEBUG main Controller:startSavingThread:132 - Method call
04.05.2013 16:53:50,055 DEBUG main Controller:exitHandler:192 - Method call
04.05.2013 16:54:52,348 DEBUG main Controller:main:154 - Method call
04.05.2013 16:54:52,357 DEBUG main Controller:<init>:55 - Constructor call
04.05.2013 16:54:52,357 DEBUG main Controller:readServerSources:68 - Method call
04.05.2013 16:54:52,402 DEBUG main Controller:startSavingThread:132 - Method call
04.05.2013 16:54:52,403 DEBUG main Controller:exitHandler:192 - Method call
04.05.2013 16:56:56,182 DEBUG main Controller:main:154 - Method call
04.05.2013 16:56:56,193 DEBUG main Controller:<init>:55 - Constructor call
04.05.2013 16:56:56,193 DEBUG main Controller:readServerSources:68 - Method call
04.05.2013 16:56:56,240 DEBUG main Controller:startSavingThread:132 - Method call
04.05.2013 16:56:56,241 DEBUG main Controller:exitHandler:192 - Method call
04.05.2013 16:57:58,804 DEBUG main Controller:main:154 - Method call
04.05.2013 16:57:58,813 DEBUG main Controller:<init>:55 - Constructor call
04.05.2013 16:57:58,813 DEBUG main Controller:readServerSources:68 - Method call
04.05.2013 16:57:58,860 DEBUG main Controller:startSavingThread:132 - Method call
04.05.2013 16:57:58,861 DEBUG main Controller:exitHandler:192 - Method call
04.05.2013 16:59:53,568 DEBUG main Controller:main:154 - Method call
04.05.2013 16:59:53,577 DEBUG main Controller:<init>:55 - Constructor call
04.05.2013 16:59:53,577 DEBUG main Controller:readServerSources:68 - Method call
04.05.2013 16:59:53,623 DEBUG main Controller:startSavingThread:132 - Method call
04.05.2013 16:59:53,624 DEBUG main Controller:exitHandler:192 - Method call
04.05.2013 17:01:17,685 DEBUG main Controller:main:154 - Method call
04.05.2013 17:01:17,694 DEBUG main Controller:<init>:55 - Constructor call
04.05.2013 17:01:17,694 DEBUG main Controller:readServerSources:68 - Method call
04.05.2013 17:01:17,742 DEBUG main Controller:startSavingThread:132 - Method call
04.05.2013 17:01:17,743 DEBUG main Controller:exitHandler:192 - Method call
04.05.2013 17:03:03,618 DEBUG main Controller:main:154 - Method call
04.05.2013 17:03:03,627 DEBUG main Controller:<init>:55 - Constructor call
04.05.2013 17:03:03,627 DEBUG main Controller:readServerSources:68 - Method call
04.05.2013 17:03:03,674 DEBUG main Controller:startSavingThread:132 - Method call
04.05.2013 17:03:03,675 DEBUG main Controller:exitHandler:192 - Method call
04.05.2013 17:05:47,243 DEBUG main Controller:main:154 - Method call
04.05.2013 17:05:47,255 DEBUG main Controller:<init>:55 - Constructor call
04.05.2013 17:05:47,255 DEBUG main Controller:readServerSources:68 - Method call
04.05.2013 17:05:47,304 DEBUG main Controller:startSavingThread:132 - Method call
04.05.2013 17:05:47,305 DEBUG main Controller:exitHandler:192 - Method call
04.05.2013 17:10:49,404 DEBUG main Controller:main:154 - Method call
04.05.2013 17:10:49,413 DEBUG main Controller:<init>:55 - Constructor call
04.05.2013 17:10:49,413 DEBUG main Controller:readServerSources:68 - Method call
04.05.2013 17:10:49,458 DEBUG main Controller:startSavingThread:132 - Method call
04.05.2013 17:10:49,459 DEBUG main Controller:exitHandler:192 - Method call
04.05.2013 17:11:04,438 DEBUG main Controller:main:154 - Method call
04.05.2013 17:11:04,448 DEBUG main Controller:<init>:55 - Constructor call
04.05.2013 17:11:04,448 DEBUG main Controller:readServerSources:68 - Method call
04.05.2013 17:11:04,494 DEBUG main Controller:startSavingThread:132 - Method call
04.05.2013 17:11:04,495 DEBUG main Controller:exitHandler:192 - Method call
04.05.2013 17:12:41,972 DEBUG main Controller:main:154 - Method call
04.05.2013 17:12:41,983 DEBUG main Controller:<init>:55 - Constructor call
04.05.2013 17:12:41,983 DEBUG main Controller:readServerSources:68 - Method call
04.05.2013 17:12:42,029 DEBUG main Controller:startSavingThread:132 - Method call
04.05.2013 17:12:42,030 DEBUG main Controller:exitHandler:192 - Method call
04.05.2013 17:17:22,654 DEBUG main Controller:main:154 - Method call
04.05.2013 17:17:22,664 DEBUG main Controller:<init>:55 - Constructor call
04.05.2013 17:17:22,664 DEBUG main Controller:readServerSources:68 - Method call
04.05.2013 17:17:22,710 DEBUG main Controller:startSavingThread:132 - Method call
04.05.2013 17:17:22,711 DEBUG main Controller:exitHandler:192 - Method call
04.05.2013 20:14:22,482 DEBUG main Controller:main:154 - Method call
04.05.2013 20:14:22,620 DEBUG main Controller:<init>:55 - Constructor call
04.05.2013 20:14:22,620 DEBUG main Controller:readServerSources:68 - Method call
04.05.2013 20:14:22,910 DEBUG main Controller:startSavingThread:132 - Method call
04.05.2013 20:14:22,912 DEBUG main Controller:exitHandler:192 - Method call
04.05.2013 20:21:29,683 DEBUG main Controller:main:154 - Method call
04.05.2013 20:21:29,693 DEBUG main Controller:<init>:55 - Constructor call
04.05.2013 20:21:29,694 DEBUG main Controller:readServerSources:68 - Method call
04.05.2013 20:21:29,742 DEBUG main Controller:startSavingThread:132 - Method call
04.05.2013 20:21:29,743 DEBUG main Controller:exitHandler:192 - Method call
05.05.2013 19:54:45,042 DEBUG main Controller:main:154 - Method call
05.05.2013 19:54:45,053 DEBUG main Controller:<init>:55 - Constructor call
05.05.2013 19:54:45,053 DEBUG main Controller:readServerSources:68 - Method call
05.05.2013 19:54:45,115 DEBUG main Controller:startSavingThread:132 - Method call
05.05.2013 19:54:45,116 DEBUG main Controller:exitHandler:192 - Method call
05.05.2013 19:56:37,033 DEBUG main Controller:main:154 - Method call
05.05.2013 19:56:37,043 DEBUG main Controller:<init>:55 - Constructor call
05.05.2013 19:56:37,043 DEBUG main Controller:readServerSources:68 - Method call
05.05.2013 19:56:37,109 DEBUG main Controller:startSavingThread:132 - Method call
05.05.2013 19:56:37,110 DEBUG main Controller:exitHandler:192 - Method call
05.05.2013 19:56:37,124 ERROR main Controller:main:181 - Exception
edu.sumdu.group5.server.controller.ControllerException: java.net.BindException: Address already in use: JVM_Bind
	at edu.sumdu.group5.server.controller.Controller.main(Controller.java:180)
Caused by: java.net.BindException: Address already in use: JVM_Bind
	at java.net.PlainSocketImpl.socketBind(Native Method)
	at java.net.PlainSocketImpl.bind(Unknown Source)
	at java.net.ServerSocket.bind(Unknown Source)
	at java.net.ServerSocket.<init>(Unknown Source)
	at java.net.ServerSocket.<init>(Unknown Source)
	at edu.sumdu.group5.server.view.ServerView.starting(ServerView.java:96)
	at edu.sumdu.group5.server.controller.Controller.main(Controller.java:168)
05.05.2013 19:56:43,486 DEBUG main Controller:main:154 - Method call
05.05.2013 19:56:43,496 DEBUG main Controller:<init>:55 - Constructor call
05.05.2013 19:56:43,496 DEBUG main Controller:readServerSources:68 - Method call
05.05.2013 19:56:43,561 DEBUG main Controller:startSavingThread:132 - Method call
05.05.2013 19:56:43,562 DEBUG main Controller:exitHandler:192 - Method call
05.05.2013 19:56:57,866 DEBUG main Controller:main:154 - Method call
05.05.2013 19:56:57,876 DEBUG main Controller:<init>:55 - Constructor call
05.05.2013 19:56:57,876 DEBUG main Controller:readServerSources:68 - Method call
05.05.2013 19:56:57,936 DEBUG main Controller:startSavingThread:132 - Method call
05.05.2013 19:56:57,938 DEBUG main Controller:exitHandler:192 - Method call
05.05.2013 19:56:57,947 ERROR main Controller:main:181 - Exception
edu.sumdu.group5.server.controller.ControllerException: java.net.BindException: Address already in use: JVM_Bind
	at edu.sumdu.group5.server.controller.Controller.main(Controller.java:180)
Caused by: java.net.BindException: Address already in use: JVM_Bind
	at java.net.PlainSocketImpl.socketBind(Native Method)
	at java.net.PlainSocketImpl.bind(Unknown Source)
	at java.net.ServerSocket.bind(Unknown Source)
	at java.net.ServerSocket.<init>(Unknown Source)
	at java.net.ServerSocket.<init>(Unknown Source)
	at edu.sumdu.group5.server.view.ServerView.starting(ServerView.java:96)
	at edu.sumdu.group5.server.controller.Controller.main(Controller.java:168)
05.05.2013 20:02:38,611 DEBUG main Controller:main:154 - Method call
05.05.2013 20:02:38,624 DEBUG main Controller:<init>:55 - Constructor call
05.05.2013 20:02:38,624 DEBUG main Controller:readServerSources:68 - Method call
05.05.2013 20:02:38,701 DEBUG main Controller:startSavingThread:132 - Method call
05.05.2013 20:02:38,702 DEBUG main Controller:exitHandler:192 - Method call
05.05.2013 20:17:45,032 DEBUG main Controller:main:154 - Method call
05.05.2013 20:17:45,057 DEBUG main Controller:<init>:55 - Constructor call
05.05.2013 20:17:45,057 DEBUG main Controller:readServerSources:68 - Method call
05.05.2013 20:17:45,121 DEBUG main Controller:startSavingThread:132 - Method call
05.05.2013 20:17:45,123 DEBUG main Controller:exitHandler:192 - Method call
05.05.2013 20:26:13,678 DEBUG main Controller:main:154 - Method call
05.05.2013 20:26:13,690 DEBUG main Controller:<init>:55 - Constructor call
05.05.2013 20:26:13,691 DEBUG main Controller:readServerSources:68 - Method call
05.05.2013 20:26:13,752 DEBUG main Controller:startSavingThread:132 - Method call
05.05.2013 20:26:13,754 DEBUG main Controller:exitHandler:192 - Method call
05.05.2013 20:33:34,548 DEBUG main Controller:main:154 - Method call
05.05.2013 20:33:34,561 DEBUG main Controller:<init>:55 - Constructor call
05.05.2013 20:33:34,561 DEBUG main Controller:readServerSources:68 - Method call
05.05.2013 20:33:34,623 DEBUG main Controller:startSavingThread:132 - Method call
05.05.2013 20:33:34,624 DEBUG main Controller:exitHandler:192 - Method call
05.05.2013 20:40:23,144 DEBUG main Controller:main:154 - Method call
05.05.2013 20:40:23,167 DEBUG main Controller:<init>:55 - Constructor call
05.05.2013 20:40:23,167 DEBUG main Controller:readServerSources:68 - Method call
05.05.2013 20:40:23,236 DEBUG main Controller:startSavingThread:132 - Method call
05.05.2013 20:40:23,237 DEBUG main Controller:exitHandler:192 - Method call
05.05.2013 20:40:59,404 DEBUG main Controller:main:154 - Method call
05.05.2013 20:40:59,423 DEBUG main Controller:<init>:55 - Constructor call
05.05.2013 20:40:59,423 DEBUG main Controller:readServerSources:68 - Method call
05.05.2013 20:40:59,488 DEBUG main Controller:startSavingThread:132 - Method call
05.05.2013 20:40:59,489 DEBUG main Controller:exitHandler:192 - Method call
05.05.2013 20:41:11,845 DEBUG main Controller:main:154 - Method call
05.05.2013 20:41:11,873 DEBUG main Controller:<init>:55 - Constructor call
05.05.2013 20:41:11,873 DEBUG main Controller:readServerSources:68 - Method call
05.05.2013 20:41:11,940 DEBUG main Controller:startSavingThread:132 - Method call
05.05.2013 20:41:11,941 DEBUG main Controller:exitHandler:192 - Method call
05.05.2013 20:44:45,142 DEBUG main Controller:main:154 - Method call
05.05.2013 20:44:45,151 DEBUG main Controller:<init>:55 - Constructor call
05.05.2013 20:44:45,152 DEBUG main Controller:readServerSources:68 - Method call
05.05.2013 20:44:45,211 DEBUG main Controller:startSavingThread:132 - Method call
05.05.2013 20:44:45,212 DEBUG main Controller:exitHandler:192 - Method call
05.05.2013 21:02:18,954 DEBUG main Controller:main:154 - Method call
05.05.2013 21:02:18,963 DEBUG main Controller:<init>:55 - Constructor call
05.05.2013 21:02:18,964 DEBUG main Controller:readServerSources:68 - Method call
05.05.2013 21:02:19,022 DEBUG main Controller:startSavingThread:132 - Method call
05.05.2013 21:02:19,024 DEBUG main Controller:exitHandler:192 - Method call
05.05.2013 21:02:42,650 DEBUG main Controller:main:154 - Method call
05.05.2013 21:02:42,664 DEBUG main Controller:<init>:55 - Constructor call
05.05.2013 21:02:42,664 DEBUG main Controller:readServerSources:68 - Method call
05.05.2013 21:02:42,732 DEBUG main Controller:startSavingThread:132 - Method call
05.05.2013 21:02:42,733 DEBUG main Controller:exitHandler:192 - Method call
05.05.2013 21:03:47,110 DEBUG main Controller:main:154 - Method call
05.05.2013 21:03:47,127 DEBUG main Controller:<init>:55 - Constructor call
05.05.2013 21:03:47,127 DEBUG main Controller:readServerSources:68 - Method call
05.05.2013 21:03:47,195 DEBUG main Controller:startSavingThread:132 - Method call
05.05.2013 21:03:47,196 DEBUG main Controller:exitHandler:192 - Method call
06.05.2013 11:41:35,858 DEBUG main Controller:main:154 - Method call
06.05.2013 11:41:36,002 DEBUG main Controller:<init>:55 - Constructor call
06.05.2013 11:41:36,002 DEBUG main Controller:readServerSources:68 - Method call
06.05.2013 11:41:36,061 DEBUG main Controller:startSavingThread:132 - Method call
06.05.2013 11:41:36,062 DEBUG main Controller:exitHandler:192 - Method call
06.05.2013 12:11:20,947 DEBUG main Controller:main:154 - Method call
06.05.2013 12:11:20,961 DEBUG main Controller:<init>:55 - Constructor call
06.05.2013 12:11:20,962 DEBUG main Controller:readServerSources:68 - Method call
06.05.2013 12:11:21,027 DEBUG main Controller:startSavingThread:132 - Method call
06.05.2013 12:11:21,028 DEBUG main Controller:exitHandler:192 - Method call
06.05.2013 12:33:45,457 DEBUG main Controller:main:154 - Method call
06.05.2013 12:33:45,492 DEBUG main Controller:<init>:55 - Constructor call
06.05.2013 12:33:45,492 DEBUG main Controller:readServerSources:68 - Method call
06.05.2013 12:33:45,562 DEBUG main Controller:startSavingThread:132 - Method call
06.05.2013 12:33:45,564 DEBUG main Controller:exitHandler:192 - Method call
06.05.2013 12:36:43,581 DEBUG main Controller:main:154 - Method call
06.05.2013 12:36:43,599 DEBUG main Controller:<init>:55 - Constructor call
06.05.2013 12:36:43,599 DEBUG main Controller:readServerSources:68 - Method call
06.05.2013 12:36:43,667 DEBUG main Controller:startSavingThread:132 - Method call
06.05.2013 12:36:43,668 DEBUG main Controller:exitHandler:192 - Method call
06.05.2013 14:22:27,877 DEBUG main Controller:main:154 - Method call
06.05.2013 14:22:27,890 DEBUG main Controller:<init>:55 - Constructor call
06.05.2013 14:22:27,890 DEBUG main Controller:readServerSources:68 - Method call
06.05.2013 14:22:27,958 DEBUG main Controller:startSavingThread:132 - Method call
06.05.2013 14:22:27,959 DEBUG main Controller:exitHandler:192 - Method call
06.05.2013 14:26:21,521 DEBUG main Controller:main:154 - Method call
06.05.2013 14:26:21,554 DEBUG main Controller:<init>:55 - Constructor call
06.05.2013 14:26:21,554 DEBUG main Controller:readServerSources:68 - Method call
06.05.2013 14:26:21,639 DEBUG main Controller:startSavingThread:132 - Method call
06.05.2013 14:26:21,641 DEBUG main Controller:exitHandler:192 - Method call
06.05.2013 14:34:39,228 DEBUG main Controller:main:154 - Method call
06.05.2013 14:34:39,240 DEBUG main Controller:<init>:55 - Constructor call
06.05.2013 14:34:39,241 DEBUG main Controller:readServerSources:68 - Method call
06.05.2013 14:34:39,303 DEBUG main Controller:startSavingThread:132 - Method call
06.05.2013 14:34:39,305 DEBUG main Controller:exitHandler:192 - Method call
06.05.2013 14:34:47,071 DEBUG main Controller:main:154 - Method call
06.05.2013 14:34:47,086 DEBUG main Controller:<init>:55 - Constructor call
06.05.2013 14:34:47,086 DEBUG main Controller:readServerSources:68 - Method call
06.05.2013 14:34:47,179 DEBUG main Controller:startSavingThread:132 - Method call
06.05.2013 14:34:47,180 DEBUG main Controller:exitHandler:192 - Method call
06.05.2013 14:37:08,650 DEBUG main Controller:main:154 - Method call
06.05.2013 14:37:08,664 DEBUG main Controller:<init>:55 - Constructor call
06.05.2013 14:37:08,664 DEBUG main Controller:readServerSources:68 - Method call
06.05.2013 14:37:08,733 DEBUG main Controller:startSavingThread:132 - Method call
06.05.2013 14:37:08,734 DEBUG main Controller:exitHandler:192 - Method call
06.05.2013 14:42:56,292 DEBUG main Controller:main:154 - Method call
06.05.2013 14:42:56,310 DEBUG main Controller:<init>:55 - Constructor call
06.05.2013 14:42:56,311 DEBUG main Controller:readServerSources:68 - Method call
06.05.2013 14:42:56,379 DEBUG main Controller:startSavingThread:132 - Method call
06.05.2013 14:42:56,380 DEBUG main Controller:exitHandler:192 - Method call
06.05.2013 14:54:59,655 DEBUG main Controller:main:154 - Method call
06.05.2013 14:54:59,668 DEBUG main Controller:<init>:55 - Constructor call
06.05.2013 14:54:59,668 DEBUG main Controller:readServerSources:68 - Method call
06.05.2013 14:54:59,740 DEBUG main Controller:startSavingThread:132 - Method call
06.05.2013 14:54:59,741 DEBUG main Controller:exitHandler:192 - Method call
06.05.2013 14:55:41,786 DEBUG main Controller:main:154 - Method call
06.05.2013 14:55:41,798 DEBUG main Controller:<init>:55 - Constructor call
06.05.2013 14:55:41,798 DEBUG main Controller:readServerSources:68 - Method call
06.05.2013 14:55:41,862 DEBUG main Controller:startSavingThread:132 - Method call
06.05.2013 14:55:41,864 DEBUG main Controller:exitHandler:192 - Method call
06.05.2013 14:56:31,266 DEBUG main Controller:main:154 - Method call
06.05.2013 14:56:31,278 DEBUG main Controller:<init>:55 - Constructor call
06.05.2013 14:56:31,278 DEBUG main Controller:readServerSources:68 - Method call
06.05.2013 14:56:31,343 DEBUG main Controller:startSavingThread:132 - Method call
06.05.2013 14:56:31,344 DEBUG main Controller:exitHandler:192 - Method call
06.05.2013 15:09:27,769 DEBUG main Controller:main:154 - Method call
06.05.2013 15:09:27,783 DEBUG main Controller:<init>:55 - Constructor call
06.05.2013 15:09:27,784 DEBUG main Controller:readServerSources:68 - Method call
06.05.2013 15:09:27,851 DEBUG main Controller:startSavingThread:132 - Method call
06.05.2013 15:09:27,852 DEBUG main Controller:exitHandler:192 - Method call
06.05.2013 15:12:04,223 DEBUG main Controller:main:154 - Method call
06.05.2013 15:12:04,236 DEBUG main Controller:<init>:55 - Constructor call
06.05.2013 15:12:04,236 DEBUG main Controller:readServerSources:68 - Method call
06.05.2013 15:12:04,300 DEBUG main Controller:startSavingThread:132 - Method call
06.05.2013 15:12:04,301 DEBUG main Controller:exitHandler:192 - Method call
06.05.2013 15:13:55,769 DEBUG main Controller:main:154 - Method call
06.05.2013 15:13:55,782 DEBUG main Controller:<init>:55 - Constructor call
06.05.2013 15:13:55,782 DEBUG main Controller:readServerSources:68 - Method call
06.05.2013 15:13:55,844 DEBUG main Controller:startSavingThread:132 - Method call
06.05.2013 15:13:55,845 DEBUG main Controller:exitHandler:192 - Method call
06.05.2013 15:16:29,161 DEBUG main Controller:main:154 - Method call
06.05.2013 15:16:29,177 DEBUG main Controller:<init>:55 - Constructor call
06.05.2013 15:16:29,178 DEBUG main Controller:readServerSources:68 - Method call
06.05.2013 15:16:29,249 DEBUG main Controller:startSavingThread:132 - Method call
06.05.2013 15:16:29,250 DEBUG main Controller:exitHandler:192 - Method call
06.05.2013 15:18:02,311 DEBUG main Controller:main:154 - Method call
06.05.2013 15:18:02,323 DEBUG main Controller:<init>:55 - Constructor call
06.05.2013 15:18:02,323 DEBUG main Controller:readServerSources:68 - Method call
06.05.2013 15:18:02,391 DEBUG main Controller:startSavingThread:132 - Method call
06.05.2013 15:18:02,392 DEBUG main Controller:exitHandler:192 - Method call
06.05.2013 15:19:24,395 DEBUG main Controller:main:154 - Method call
06.05.2013 15:19:24,409 DEBUG main Controller:<init>:55 - Constructor call
06.05.2013 15:19:24,409 DEBUG main Controller:readServerSources:68 - Method call
06.05.2013 15:19:24,514 DEBUG main Controller:startSavingThread:132 - Method call
06.05.2013 15:19:24,515 DEBUG main Controller:exitHandler:192 - Method call
06.05.2013 16:11:53,423 DEBUG main Controller:main:154 - Method call
06.05.2013 16:11:53,489 DEBUG main Controller:<init>:55 - Constructor call
06.05.2013 16:11:53,490 DEBUG main Controller:readServerSources:68 - Method call
06.05.2013 16:11:53,580 DEBUG main Controller:startSavingThread:132 - Method call
06.05.2013 16:11:53,583 DEBUG main Controller:exitHandler:192 - Method call
06.05.2013 16:11:53,681 ERROR main Controller:main:171 - Exception
edu.sumdu.group5.server.controller.ControllerException: edu.sumdu.group5.server.model.ServerException: java.net.BindException: Address already in use: JVM_Bind
	at edu.sumdu.group5.server.controller.Controller.main(Controller.java:170)
Caused by: edu.sumdu.group5.server.model.ServerException: java.net.BindException: Address already in use: JVM_Bind
	at edu.sumdu.group5.server.view.ServerView.starting(ServerView.java:59)
	at edu.sumdu.group5.server.controller.Controller.main(Controller.java:168)
Caused by: java.net.BindException: Address already in use: JVM_Bind
	at java.net.PlainSocketImpl.socketBind(Native Method)
	at java.net.PlainSocketImpl.bind(Unknown Source)
	at java.net.ServerSocket.bind(Unknown Source)
	at java.net.ServerSocket.<init>(Unknown Source)
	at java.net.ServerSocket.<init>(Unknown Source)
	at edu.sumdu.group5.server.view.ServerView.starting(ServerView.java:44)
	... 1 more
06.05.2013 16:12:09,481 DEBUG main Controller:main:154 - Method call
06.05.2013 16:12:09,491 DEBUG main Controller:<init>:55 - Constructor call
06.05.2013 16:12:09,491 DEBUG main Controller:readServerSources:68 - Method call
06.05.2013 16:12:09,558 DEBUG main Controller:startSavingThread:132 - Method call
06.05.2013 16:12:09,561 DEBUG main Controller:exitHandler:192 - Method call
06.05.2013 16:12:32,046 DEBUG main Controller:main:154 - Method call
06.05.2013 16:12:32,056 DEBUG main Controller:<init>:55 - Constructor call
06.05.2013 16:12:32,056 DEBUG main Controller:readServerSources:68 - Method call
06.05.2013 16:12:32,130 DEBUG main Controller:startSavingThread:132 - Method call
06.05.2013 16:12:32,133 DEBUG main Controller:exitHandler:192 - Method call
06.05.2013 16:12:32,160 ERROR main Controller:main:171 - Exception
edu.sumdu.group5.server.controller.ControllerException: edu.sumdu.group5.server.model.ServerException: java.net.BindException: Address already in use: JVM_Bind
	at edu.sumdu.group5.server.controller.Controller.main(Controller.java:170)
Caused by: edu.sumdu.group5.server.model.ServerException: java.net.BindException: Address already in use: JVM_Bind
	at edu.sumdu.group5.server.view.ServerView.starting(ServerView.java:59)
	at edu.sumdu.group5.server.controller.Controller.main(Controller.java:168)
Caused by: java.net.BindException: Address already in use: JVM_Bind
	at java.net.PlainSocketImpl.socketBind(Native Method)
	at java.net.PlainSocketImpl.bind(Unknown Source)
	at java.net.ServerSocket.bind(Unknown Source)
	at java.net.ServerSocket.<init>(Unknown Source)
	at java.net.ServerSocket.<init>(Unknown Source)
	at edu.sumdu.group5.server.view.ServerView.starting(ServerView.java:44)
	... 1 more
06.05.2013 18:24:36,724 DEBUG main Controller:main:154 - Method call
06.05.2013 18:24:36,838 DEBUG main Controller:<init>:55 - Constructor call
06.05.2013 18:24:36,838 DEBUG main Controller:readServerSources:68 - Method call
06.05.2013 18:24:37,005 DEBUG main Controller:startSavingThread:132 - Method call
06.05.2013 18:24:37,016 DEBUG main Controller:exitHandler:192 - Method call
06.05.2013 18:24:56,508 DEBUG Thread-2 Controller:actionPerformed:99 - Method call. Arguments: RemoveStudent 95370646
06.05.2013 18:25:02,429 DEBUG Thread-2 Controller:actionPerformed:99 - Method call. Arguments: RemoveGroup hs-99
06.05.2013 18:28:51,542 DEBUG Thread-3 Controller:actionPerformed:99 - Method call. Arguments: AddGroup Group [fakulty=AD, number=qwe]
06.05.2013 18:29:49,242 DEBUG Thread-3 Controller:actionPerformed:99 - Method call. Arguments: UpdateStudent Student [id=143733399, firstName=Леха, lastName=Депп, groupNumber=3, enrolled=11.11.1999]
07.05.2013 12:06:09,463 DEBUG main Controller:main:153 - Method call
07.05.2013 12:06:09,476 DEBUG main Controller:<init>:54 - Constructor call
07.05.2013 12:06:09,477 DEBUG main Controller:readServerSources:67 - Method call
07.05.2013 12:06:09,537 DEBUG main Controller:startSavingThread:131 - Method call
07.05.2013 12:06:09,541 DEBUG main Controller:exitHandler:191 - Method call
07.05.2013 12:07:40,738 DEBUG Thread-3 Controller:actionPerformed:98 - Method call. Arguments: RemoveGroup qwe
07.05.2013 12:08:37,373 DEBUG main Controller:main:153 - Method call
07.05.2013 12:08:37,382 DEBUG main Controller:<init>:54 - Constructor call
07.05.2013 12:08:37,384 DEBUG main Controller:readServerSources:67 - Method call
07.05.2013 12:08:37,450 DEBUG main Controller:startSavingThread:131 - Method call
07.05.2013 12:08:37,451 DEBUG main Controller:exitHandler:191 - Method call
07.05.2013 12:10:43,237 DEBUG main Controller:main:153 - Method call
07.05.2013 12:10:43,246 DEBUG main Controller:<init>:54 - Constructor call
07.05.2013 12:10:43,247 DEBUG main Controller:readServerSources:67 - Method call
07.05.2013 12:10:43,306 DEBUG main Controller:startSavingThread:131 - Method call
07.05.2013 12:10:43,307 DEBUG main Controller:exitHandler:191 - Method call
07.05.2013 12:12:00,404 DEBUG Thread-3 Controller:actionPerformed:98 - Method call. Arguments: RemoveGroup 
07.05.2013 12:12:00,405 ERROR Thread-3 Controller:actionPerformed:120 - Exception
edu.sumdu.group5.server.controller.ControllerException: edu.sumdu.group5.server.model.ServerException: Can not remove a group
	at edu.sumdu.group5.server.controller.Controller.actionPerformed(Controller.java:119)
	at edu.sumdu.group5.server.view.ServerViewThread.fireAction(ServerViewThread.java:214)
	at edu.sumdu.group5.server.view.ServerViewThread.parsing(ServerViewThread.java:155)
	at edu.sumdu.group5.server.view.ServerViewThread.run(ServerViewThread.java:65)
Caused by: edu.sumdu.group5.server.model.ServerException: Can not remove a group
	at edu.sumdu.group5.server.model.Server.removeGroup(Server.java:292)
	at edu.sumdu.group5.server.controller.Controller.actionPerformed(Controller.java:106)
	... 3 more
Caused by: edu.sumdu.group5.server.model.ServerException: Group with number  does not exist.
	at edu.sumdu.group5.server.model.Server.getGroup(Server.java:407)
	at edu.sumdu.group5.server.model.Server.removeGroup(Server.java:290)
	... 4 more
07.05.2013 12:13:43,424 DEBUG Thread-3 Controller:actionPerformed:98 - Method call. Arguments: AddStudent Student [id=1535101342, firstName=Семен, lastName=Петрович, groupNumber=3, enrolled=11.12.2002]
07.05.2013 12:16:48,385 DEBUG Thread-6 Controller:actionPerformed:98 - Method call. Arguments: UpdateStudent Student [id=1535101342, firstName=Семен, lastName=Петров, groupNumber=3, enrolled=11.12.2002]
07.05.2013 12:17:05,858 DEBUG Thread-6 Controller:actionPerformed:98 - Method call. Arguments: UpdateStudent Student [id=1535101342, firstName=Семен, lastName=Петров, groupNumber=3, enrolled=11.12.2002]
07.05.2013 12:18:55,675 DEBUG Thread-6 Controller:actionPerformed:98 - Method call. Arguments: RemoveStudent 143733399
07.05.2013 12:30:08,223 DEBUG main Controller:main:153 - Method call
07.05.2013 12:30:08,233 DEBUG main Controller:<init>:54 - Constructor call
07.05.2013 12:30:08,233 DEBUG main Controller:readServerSources:67 - Method call
07.05.2013 12:30:08,292 DEBUG main Controller:startSavingThread:131 - Method call
07.05.2013 12:30:08,293 DEBUG main Controller:exitHandler:191 - Method call
07.05.2013 12:30:45,069 DEBUG Thread-2 Controller:actionPerformed:98 - Method call. Arguments: AddStudent Student [id=2030835591, firstName=Bdfy, lastName=asd, groupNumber=3, enrolled=13.13.2013]
07.05.2013 12:30:57,741 DEBUG Thread-3 Controller:actionPerformed:98 - Method call. Arguments: UpdateStudent Student [id=2030835591, firstName=Bdfy, lastName=ZCX, groupNumber=3, enrolled=13.13.2013]
07.05.2013 12:31:10,266 DEBUG Thread-2 Controller:actionPerformed:98 - Method call. Arguments: RemoveStudent 2030835591
07.05.2013 12:38:58,140 DEBUG Thread-2 Controller:actionPerformed:98 - Method call. Arguments: AddGroup Group [fakulty=ewq, number=asd
]
07.05.2013 12:39:26,029 DEBUG Thread-2 Controller:actionPerformed:98 - Method call. Arguments: RemoveGroup asd

07.05.2013 12:40:31,905 DEBUG Thread-3 Controller:actionPerformed:98 - Method call. Arguments: UpdateStudent Student [id=1535101342, firstName=Семен, lastName=Петров, groupNumber=3, enrolled=11.12.2002]
07.05.2013 12:46:17,432 DEBUG main Controller:main:153 - Method call
07.05.2013 12:46:17,442 DEBUG main Controller:<init>:54 - Constructor call
07.05.2013 12:46:17,442 DEBUG main Controller:readServerSources:67 - Method call
07.05.2013 12:46:17,500 DEBUG main Controller:startSavingThread:131 - Method call
07.05.2013 12:46:17,501 DEBUG main Controller:exitHandler:191 - Method call
07.05.2013 12:46:49,523 DEBUG main Controller:main:153 - Method call
07.05.2013 12:46:49,533 DEBUG main Controller:<init>:54 - Constructor call
07.05.2013 12:46:49,533 DEBUG main Controller:readServerSources:67 - Method call
07.05.2013 12:46:49,591 DEBUG main Controller:startSavingThread:131 - Method call
07.05.2013 12:46:49,593 DEBUG main Controller:exitHandler:191 - Method call
07.05.2013 12:48:23,291 DEBUG main Controller:main:153 - Method call
07.05.2013 12:48:23,300 DEBUG main Controller:<init>:54 - Constructor call
07.05.2013 12:48:23,301 DEBUG main Controller:readServerSources:67 - Method call
07.05.2013 12:48:23,359 DEBUG main Controller:startSavingThread:131 - Method call
07.05.2013 12:48:23,360 DEBUG main Controller:exitHandler:191 - Method call
07.05.2013 12:49:47,469 DEBUG Thread-3 Controller:actionPerformed:98 - Method call. Arguments: UpdateStudent Student [id=1535101342, firstName=Семен, lastName=Сидоров, groupNumber=3, enrolled=11.12.2002]
