14.04.2013 15:43:45,425  INFO main ServerView:<init>:38 - Method call
14.04.2013 15:43:45,427 ERROR main ServerView:<init>:49 - Exception
model.ServerException: java.io.FileNotFoundException: servConfig.ini (Не удается найти указанный файл)
	at view.ServerView.<init>(ServerView.java:48)
	at view.ServerViewFactory.newInstance(ServerViewFactory.java:17)
	at controller.Controller.main(Controller.java:141)
Caused by: java.io.FileNotFoundException: servConfig.ini (Не удается найти указанный файл)
	at java.io.FileInputStream.open(Native Method)
	at java.io.FileInputStream.<init>(Unknown Source)
	at java.io.FileInputStream.<init>(Unknown Source)
	at java.io.FileReader.<init>(Unknown Source)
	at view.ServerView.<init>(ServerView.java:41)
	... 2 more
14.04.2013 15:43:54,186  INFO main ServerView:<init>:38 - Method call
14.04.2013 15:43:54,188 ERROR main ServerView:<init>:49 - Exception
model.ServerException: java.io.FileNotFoundException: servConfig.ini (Не удается найти указанный файл)
	at view.ServerView.<init>(ServerView.java:48)
	at view.ServerViewFactory.newInstance(ServerViewFactory.java:17)
	at controller.Controller.main(Controller.java:141)
Caused by: java.io.FileNotFoundException: servConfig.ini (Не удается найти указанный файл)
	at java.io.FileInputStream.open(Native Method)
	at java.io.FileInputStream.<init>(Unknown Source)
	at java.io.FileInputStream.<init>(Unknown Source)
	at java.io.FileReader.<init>(Unknown Source)
	at view.ServerView.<init>(ServerView.java:41)
	... 2 more
14.04.2013 15:53:05,512  INFO main ServerView:<init>:38 - Method call
14.04.2013 15:53:05,590  INFO main ServerView:setController:75 - Method call
14.04.2013 15:53:05,590  INFO main ServerView:setModel:67 - Method call
14.04.2013 15:53:05,593  INFO main ServerView:starting:85 - Method call
14.04.2013 15:54:00,521  INFO main ServerView:<init>:38 - Method call
14.04.2013 15:54:00,610  INFO main ServerView:setController:75 - Method call
14.04.2013 15:54:00,610  INFO main ServerView:setModel:67 - Method call
14.04.2013 15:54:00,613  INFO main ServerView:starting:85 - Method call
14.04.2013 15:54:19,178  INFO main ServerView:<init>:38 - Method call
14.04.2013 15:54:23,617  INFO main ServerView:setController:75 - Method call
14.04.2013 15:54:24,161  INFO main ServerView:setModel:67 - Method call
14.04.2013 15:54:26,786  INFO main ServerView:starting:85 - Method call
14.04.2013 15:54:34,635  INFO Thread-3 ServerView:reading:131 - Method call
14.04.2013 15:54:34,689  INFO Thread-3 ServerView:parsing:148 - Method call. Arguments: <envelope><header><action>UPDATE</action></header><body></body></envelope>
14.04.2013 15:54:34,693 ERROR Thread-3 ServerView:run:96 - Exception
java.net.SocketException: Socket is closed
	at java.net.Socket.getOutputStream(Unknown Source)
	at view.ServerView.parsing(ServerView.java:154)
	at view.ServerView.access$200(ServerView.java:22)
	at view.ServerView$1.run(ServerView.java:93)
	at java.lang.Thread.run(Unknown Source)
14.04.2013 15:54:34,720 ERROR Thread-3 ServerView:run:101 - Exception
java.net.SocketException: Socket is closed
	at java.net.Socket.getOutputStream(Unknown Source)
	at view.ServerView$1.run(ServerView.java:97)
	at java.lang.Thread.run(Unknown Source)
14.04.2013 15:54:52,667  INFO main ServerView:<init>:38 - Method call
14.04.2013 15:54:52,754  INFO main ServerView:setController:75 - Method call
14.04.2013 15:54:52,755  INFO main ServerView:setModel:67 - Method call
14.04.2013 15:54:52,757  INFO main ServerView:starting:85 - Method call
14.04.2013 15:54:56,222  INFO Thread-3 ServerView:reading:131 - Method call
14.04.2013 15:54:56,224  INFO Thread-3 ServerView:parsing:148 - Method call. Arguments: <envelope><header><action>UPDATE</action></header><body></body></envelope>
14.04.2013 15:54:56,231 ERROR Thread-3 ServerView:run:96 - Exception
java.net.SocketException: Socket is closed
	at java.net.Socket.getOutputStream(Unknown Source)
	at view.ServerView.parsing(ServerView.java:154)
	at view.ServerView.access$200(ServerView.java:22)
	at view.ServerView$1.run(ServerView.java:93)
	at java.lang.Thread.run(Unknown Source)
14.04.2013 15:54:56,237 ERROR Thread-3 ServerView:run:101 - Exception
java.net.SocketException: Socket is closed
	at java.net.Socket.getOutputStream(Unknown Source)
	at view.ServerView$1.run(ServerView.java:97)
	at java.lang.Thread.run(Unknown Source)
14.04.2013 15:56:36,683  INFO main ServerView:<init>:38 - Method call
14.04.2013 15:56:36,802  INFO main ServerView:setController:75 - Method call
14.04.2013 15:56:36,802  INFO main ServerView:setModel:67 - Method call
14.04.2013 15:56:39,601  INFO main ServerView:starting:85 - Method call
14.04.2013 15:56:49,594  INFO main ServerView:exceptionHandling:122 - Method call. Arguments: controller.ControllerException: java.net.BindException: Address already in use: JVM_Bind
14.04.2013 15:56:56,689  INFO main ServerView:<init>:38 - Method call
14.04.2013 15:56:56,835  INFO main ServerView:setController:75 - Method call
14.04.2013 15:56:56,835  INFO main ServerView:setModel:67 - Method call
14.04.2013 15:57:09,696  INFO main ServerView:starting:85 - Method call
14.04.2013 15:57:25,336  INFO main ServerView:<init>:38 - Method call
14.04.2013 15:57:25,434  INFO main ServerView:setController:75 - Method call
14.04.2013 15:57:25,434  INFO main ServerView:setModel:67 - Method call
14.04.2013 15:57:51,130  INFO main ServerView:starting:85 - Method call
14.04.2013 15:59:57,062  INFO Thread-5 ServerView:reading:131 - Method call
14.04.2013 15:59:57,063  INFO Thread-5 ServerView:parsing:148 - Method call. Arguments: <envelope><header><action>UPDATE</action></header><body></body></envelope>
14.04.2013 15:59:57,065 ERROR Thread-5 ServerView:run:96 - Exception
java.net.SocketException: Socket is closed
	at java.net.Socket.getOutputStream(Unknown Source)
	at view.ServerView.parsing(ServerView.java:154)
	at view.ServerView.access$200(ServerView.java:22)
	at view.ServerView$1.run(ServerView.java:93)
	at java.lang.Thread.run(Unknown Source)
14.04.2013 15:59:57,065 ERROR Thread-5 ServerView:run:101 - Exception
java.net.SocketException: Socket is closed
	at java.net.Socket.getOutputStream(Unknown Source)
	at view.ServerView$1.run(ServerView.java:97)
	at java.lang.Thread.run(Unknown Source)
14.04.2013 16:08:09,499 ERROR Thread-3 ServerView:run:92 - Exception
java.net.SocketException: Socket is closed
	at java.net.Socket.getOutputStream(Unknown Source)
	at view.ServerView$1.run(ServerView.java:88)
	at java.lang.Thread.run(Unknown Source)
14.04.2013 16:10:16,524  INFO main ServerView:<init>:38 - Method call
14.04.2013 16:10:16,601  INFO main ServerView:setController:75 - Method call
14.04.2013 16:10:16,602  INFO main ServerView:setModel:67 - Method call
14.04.2013 16:10:16,604  INFO main ServerView:starting:85 - Method call
14.04.2013 16:10:16,614  INFO main ServerView:exceptionHandling:124 - Method call. Arguments: controller.ControllerException: java.net.BindException: Address already in use: JVM_Bind
14.04.2013 16:10:30,803  INFO main ServerView:<init>:38 - Method call
14.04.2013 16:10:30,882  INFO main ServerView:setController:75 - Method call
14.04.2013 16:10:30,882  INFO main ServerView:setModel:67 - Method call
14.04.2013 16:10:30,884  INFO main ServerView:starting:85 - Method call
14.04.2013 16:10:36,498  INFO Thread-3 ServerView:reading:133 - Method call
14.04.2013 16:10:36,500  INFO Thread-3 ServerView:parsing:150 - Method call. Arguments: <envelope><header><action>UPDATE</action></header><body></body></envelope>
14.04.2013 16:10:36,509 ERROR Thread-3 ServerView:run:98 - Exception
java.net.SocketException: Socket is closed
	at java.net.Socket.getOutputStream(Unknown Source)
	at view.ServerView.parsing(ServerView.java:156)
	at view.ServerView.access$2(ServerView.java:149)
	at view.ServerView$1.run(ServerView.java:95)
	at java.lang.Thread.run(Unknown Source)
14.04.2013 16:10:36,512 ERROR Thread-3 ServerView:run:103 - Exception
java.net.SocketException: Socket is closed
	at java.net.Socket.getOutputStream(Unknown Source)
	at view.ServerView$1.run(ServerView.java:99)
	at java.lang.Thread.run(Unknown Source)
14.04.2013 16:17:20,619  INFO main ServerView:<init>:38 - Method call
14.04.2013 16:17:20,700  INFO main ServerView:setController:75 - Method call
14.04.2013 16:17:20,700  INFO main ServerView:setModel:67 - Method call
14.04.2013 16:17:20,703  INFO main ServerView:starting:85 - Method call
14.04.2013 16:17:20,712  INFO main ServerView:exceptionHandling:124 - Method call. Arguments: controller.ControllerException: java.net.BindException: Address already in use: JVM_Bind
14.04.2013 16:17:25,729  INFO main ServerView:<init>:38 - Method call
14.04.2013 16:17:25,815  INFO main ServerView:setController:75 - Method call
14.04.2013 16:17:25,815  INFO main ServerView:setModel:67 - Method call
14.04.2013 16:17:25,818  INFO main ServerView:starting:85 - Method call
14.04.2013 16:17:31,820  INFO Thread-3 ServerView:reading:133 - Method call
14.04.2013 16:17:31,821  INFO Thread-3 ServerView:parsing:150 - Method call. Arguments: <envelope><header><action>UPDATE</action></header><body></body></envelope>
14.04.2013 16:17:31,828  INFO Thread-3 ServerView:updateMessage:210 - Method call
14.04.2013 16:29:00,365  INFO main ServerView:<init>:38 - Method call
14.04.2013 16:29:00,464  INFO main ServerView:setController:75 - Method call
14.04.2013 16:29:00,464  INFO main ServerView:setModel:67 - Method call
14.04.2013 16:29:00,466  INFO main ServerView:starting:85 - Method call
14.04.2013 16:38:00,061  INFO main ServerView:<init>:38 - Method call
14.04.2013 16:38:00,140  INFO main ServerView:setController:75 - Method call
14.04.2013 16:38:00,140  INFO main ServerView:setModel:67 - Method call
14.04.2013 16:38:00,142  INFO main ServerView:starting:85 - Method call
14.04.2013 16:38:00,152  INFO main ServerView:exceptionHandling:124 - Method call. Arguments: controller.ControllerException: java.net.BindException: Address already in use: JVM_Bind
14.04.2013 16:38:13,228  INFO main ServerView:<init>:38 - Method call
14.04.2013 16:38:13,304  INFO main ServerView:setController:75 - Method call
14.04.2013 16:38:13,304  INFO main ServerView:setModel:67 - Method call
14.04.2013 16:38:13,307  INFO main ServerView:starting:85 - Method call
23.04.2013 19:00:04,789  INFO main ServerView:<init>:38 - Method call
23.04.2013 19:00:05,356  INFO main ServerView:setController:75 - Method call
23.04.2013 19:00:05,356  INFO main ServerView:setModel:67 - Method call
23.04.2013 19:00:05,365  INFO main ServerView:starting:85 - Method call
23.04.2013 19:00:11,588  INFO Thread-3 ServerView:reading:133 - Method call
23.04.2013 19:00:11,590  INFO Thread-3 ServerView:parsing:150 - Method call. Arguments: <envelope><header><action>UPDATE</action></header><body></body></envelope>
23.04.2013 19:00:11,616  INFO Thread-3 ServerView:updateMessage:210 - Method call
